2024-10-24 17:53:55 - INFO - Logging erfolgreich initialisiert.
2024-10-24 17:53:55 - DEBUG - Start der Methode check_circuit.
2024-10-24 17:53:55 - ERROR - Falsche Anzahl von Qubits im Schaltkreis: 0 statt 2.
2024-10-24 17:53:55 - INFO - Logging erfolgreich initialisiert.
2024-10-24 17:53:55 - DEBUG - Start der Methode check_input_data.
2024-10-24 17:53:55 - DEBUG - input_data ist keine Liste.
2024-10-24 17:53:55 - INFO - Logging erfolgreich initialisiert.
2024-10-24 17:53:55 - INFO - Start der Methode convert_input_data mit Option='named' und matrix_name='None'.
2024-10-24 17:53:55 - ERROR - Fehlercode 1066: matrix_name muss angegeben werden, wenn option='named' ist.
2024-10-24 17:53:55 - INFO - Logging erfolgreich initialisiert.
2024-10-24 17:53:55 - INFO - Erstellung eines L-Gates für Zeile None, Position None.
2024-10-24 17:53:55 - ERROR - Fehlercode 1060: Ungültiger Eintrag oder fehlende Schlüssel.
2024-10-24 17:53:55 - INFO - Logging erfolgreich initialisiert.
2024-10-24 17:53:55 - INFO - Start der Methode create_initial_circuit.
2024-10-24 17:53:55 - ERROR - Fehlercode 1060: Datei data.json nicht gefunden.
2024-10-24 17:53:55 - ERROR - Fehler beim Lesen der Daten: Datei data.json nicht gefunden.
2024-10-24 17:53:55 - INFO - Logging erfolgreich initialisiert.
2024-10-24 17:53:55 - DEBUG - Matrix besteht ausschließlich aus Nullen.
2024-10-24 17:53:55 - DEBUG - Nicht-Null-Element gefunden: 1
2024-10-24 17:53:55 - INFO - Logging erfolgreich initialisiert.
2024-10-24 17:53:55 - DEBUG - Matrix hat 2 Zeilen, erwartet None.
2024-10-24 17:53:55 - INFO - Logging erfolgreich initialisiert.
2024-10-24 17:53:55 - INFO - Start der Messungen mit 100 Shots.
2024-10-24 17:53:55 - ERROR - Fehlercode 1069: 'NoneType' object cannot be interpreted as an integer
2024-10-24 17:53:55 - INFO - Logging erfolgreich initialisiert.
2024-10-24 17:53:55 - ERROR - Fehlercode 1060: Datei train.json nicht gefunden.
