Log created on 2024-10-23
Setup completed with initial valid and invalid data.
Starting test_check_circuit.
Setup completed with initial valid and invalid data.
Starting test_check_input_data.
Setup completed with initial valid and invalid data.
Starting test_convert_input_data.
Setup completed with initial valid and invalid data.
Starting test_create_L_gate.
Setup completed with initial valid and invalid data.
Starting test_create_initial_circuit.
Setup completed with initial valid and invalid data.
Starting test_is_empty_matrix.
Completed test_is_empty_matrix.
Setup completed with initial valid and invalid data.
Starting test_is_matrix_consistent.
Setup completed with initial valid and invalid data.
Starting test_measure.
Setup completed with initial valid and invalid data.
Starting test_read_data.
[2024-10-24 17:53:55] [START] ===================== Circuit Tests ===================
[2024-10-24 17:53:55] [INFO] Setup completed with initial valid and invalid data.
[2024-10-24 17:53:55] [INFO] Starting test_check_circuit.
[2024-10-24 17:53:55] [ERROR] False is not true : Error 4127: Consistent circuit should return True [Error Code: 4127]
[2024-10-24 17:53:55] [INFO] Setup completed with initial valid and invalid data.
[2024-10-24 17:53:55] [INFO] Starting test_check_input_data.
[2024-10-24 17:53:55] [INFO] Setup completed with initial valid and invalid data.
[2024-10-24 17:53:55] [INFO] Starting test_convert_input_data.
[2024-10-24 17:53:55] [INFO] Setup completed with initial valid and invalid data.
[2024-10-24 17:53:55] [INFO] Starting test_create_L_gate.
[2024-10-24 17:53:55] [ERROR] 'Ungültiger Eintrag oder fehlende Schlüssel.' != 2060 : Error 4123: Successful L-gate creation should return a valid success code [Error Code: 4123]
[2024-10-24 17:53:55] [INFO] Setup completed with initial valid and invalid data.
[2024-10-24 17:53:55] [INFO] Starting test_create_initial_circuit.
[2024-10-24 17:53:55] [INFO] Setup completed with initial valid and invalid data.
[2024-10-24 17:53:55] [INFO] Starting test_is_empty_matrix.
[2024-10-24 17:53:55] [SUCCESS] test_is_empty_matrix passed successfully.
[2024-10-24 17:53:55] [INFO] Setup completed with initial valid and invalid data.
[2024-10-24 17:53:55] [INFO] Starting test_is_matrix_consistent.
[2024-10-24 17:53:55] [ERROR] False is not true : Error 4117: Consistent matrix should return True [Error Code: 4117]
[2024-10-24 17:53:55] [INFO] Setup completed with initial valid and invalid data.
[2024-10-24 17:53:55] [INFO] Starting test_measure.
[2024-10-24 17:53:55] [ERROR] "'NoneType' object cannot be interpreted as an integer" != 2067 : Error 4129: Successful measurements should return success code 2067 [Error Code: 4129]
[2024-10-24 17:53:55] [INFO] Setup completed with initial valid and invalid data.
[2024-10-24 17:53:55] [INFO] Starting test_read_data.
[2024-10-24 17:53:55] [ERROR] (1060, 'Datei train.json nicht gefunden.') != 'success' : Error 4111: No success message found [Error Code: 4111]
