2024-10-20 13:34:54,118 - INFO - train.json does not exist.
2024-10-20 13:34:54,119 - WARNING - Warning: 'var/train.json' was not found.
2024-10-20 13:34:54,119 - INFO - train.json not found. Only new training possible.
2024-10-20 13:34:55,831 - INFO - train.json created at var/train.json
2024-10-20 13:34:55,831 - INFO - train.json was manually created.
2024-10-20 13:34:56,464 - INFO - 1. Creating the training matrix
2024-10-20 13:34:57,466 - INFO - Creating training matrix with qubits: 9 and depth: 8
2024-10-20 13:34:57,466 - INFO - matrix1 successfully loaded.
2024-10-20 13:34:57,466 - INFO - matrix2 successfully loaded.
2024-10-20 13:34:57,466 - INFO - matrix3 successfully loaded.
2024-10-20 13:34:57,466 - INFO - matrix4 successfully loaded.
2024-10-20 13:34:57,466 - INFO - matrix5 successfully loaded.
2024-10-20 13:34:57,466 - INFO - matrix6 successfully loaded.
2024-10-20 13:34:57,467 - INFO - Training matrix successfully saved to train.json.
2024-10-20 13:34:57,467 - INFO - Training matrix successfully saved in train.json.
2024-10-20 13:34:57,467 - INFO - Training matrix created with shape (9, 24)
2024-10-20 13:34:57,474 - INFO - data.json wurde mit konvertierten Aktivierungsmatrizen aktualisiert unter 'var/data.json'.
2024-10-20 13:34:57,475 - INFO - 2. Building the environment
2024-10-20 13:34:58,486 - INFO - Circuit successfully initialized.
2024-10-20 13:34:58,486 - INFO - 3. Checking matrix formats
2024-10-20 13:34:59,488 - INFO - Checking the formats of the matrices.
2024-10-20 13:34:59,489 - ERROR - No converted activation matrices found.
2024-10-20 13:36:06,384 - INFO - All necessary files and directories are present.
2024-10-20 13:36:13,199 - INFO - train.json was deleted and reset.
2024-10-20 13:36:14,010 - INFO - 1. Creating the training matrix
2024-10-20 13:36:15,012 - INFO - Creating training matrix with qubits: 9 and depth: 8
2024-10-20 13:36:15,012 - INFO - matrix1 successfully loaded.
2024-10-20 13:36:15,012 - INFO - matrix2 successfully loaded.
2024-10-20 13:36:15,012 - INFO - matrix3 successfully loaded.
2024-10-20 13:36:15,012 - INFO - matrix4 successfully loaded.
2024-10-20 13:36:15,013 - INFO - matrix5 successfully loaded.
2024-10-20 13:36:15,013 - INFO - matrix6 successfully loaded.
2024-10-20 13:36:15,013 - INFO - Training matrix successfully saved to train.json.
2024-10-20 13:36:15,013 - INFO - Training matrix successfully saved in train.json.
2024-10-20 13:36:15,013 - INFO - Training matrix created with shape (9, 24)
2024-10-20 13:36:15,018 - INFO - data.json wurde mit konvertierten Aktivierungsmatrizen aktualisiert unter 'var/data.json'.
2024-10-20 13:36:15,018 - INFO - 2. Building the environment
2024-10-20 13:36:16,027 - INFO - Circuit successfully initialized.
2024-10-20 13:36:16,027 - INFO - 3. Checking matrix formats
2024-10-20 13:36:17,029 - INFO - Checking the formats of the matrices.
2024-10-20 13:36:17,029 - ERROR - No converted activation matrices found.
2024-10-20 13:36:54,216 - INFO - All necessary files and directories are present.
2024-10-20 13:36:58,548 - INFO - train.json was deleted and reset.
2024-10-20 13:36:59,970 - INFO - 1. Creating the training matrix
2024-10-20 13:37:00,972 - INFO - Creating training matrix with qubits: 9 and depth: 8
2024-10-20 13:37:00,973 - INFO - matrix1 successfully loaded.
2024-10-20 13:37:00,973 - INFO - matrix2 successfully loaded.
2024-10-20 13:37:00,973 - INFO - matrix3 successfully loaded.
2024-10-20 13:37:00,973 - INFO - matrix4 successfully loaded.
2024-10-20 13:37:00,973 - INFO - matrix5 successfully loaded.
2024-10-20 13:37:00,973 - INFO - matrix6 successfully loaded.
2024-10-20 13:37:00,974 - INFO - Training matrix successfully saved to train.json.
2024-10-20 13:37:00,974 - INFO - Training matrix successfully saved in train.json.
2024-10-20 13:37:00,974 - INFO - Training matrix created with shape (9, 24)
2024-10-20 13:37:00,978 - INFO - train.json wurde mit konvertierten Aktivierungsmatrizen aktualisiert unter 'var/train.json'.
2024-10-20 13:37:00,978 - INFO - 2. Building the environment
2024-10-20 13:37:01,990 - INFO - Circuit successfully initialized.
2024-10-20 13:37:01,991 - INFO - 3. Checking matrix formats
2024-10-20 13:37:02,993 - INFO - Checking the formats of the matrices.
2024-10-20 13:37:02,993 - INFO - Activation matrix matrix1 has the same shape as the training matrix.
2024-10-20 13:37:02,993 - INFO - Activation matrix matrix2 has the same shape as the training matrix.
2024-10-20 13:37:02,994 - INFO - Activation matrix matrix3 has the same shape as the training matrix.
2024-10-20 13:37:02,994 - INFO - Activation matrix matrix4 has the same shape as the training matrix.
2024-10-20 13:37:02,994 - INFO - Activation matrix matrix5 has the same shape as the training matrix.
2024-10-20 13:37:02,994 - INFO - Activation matrix matrix6 has the same shape as the training matrix.
2024-10-20 13:37:02,994 - INFO - All activation matrices have the same format as the training matrix.
2024-10-20 13:37:02,994 - INFO - 4. Saving the circuit as an image
2024-10-20 13:37:03,996 - INFO - Saving the circuit as an image.
2024-10-20 13:37:06,481 - INFO - Circuit image saved at var/data/circuit.png.
2024-10-20 13:37:06,481 - INFO - 5. Training the model with various optimizers
2024-10-20 13:37:07,483 - INFO - Saving initial training matrix to train.json.
2024-10-20 13:37:07,486 - INFO - Initial training matrix saved to train.json.
2024-10-20 13:37:07,487 - INFO - Saving initial circuit image as 'starter_before.png'.
2024-10-20 13:37:10,014 - INFO - Starter circuit image saved at 'var/data/starter_before.png'.
2024-10-20 13:37:10,014 - INFO - Starting training of all optimizers in parallel execution.
2024-10-20 13:37:10,015 - INFO - Number of processes used: 2
2024-10-20 13:37:10,015 - INFO - Training started at 2024-10-20 13:37:10.
2024-10-20 13:37:10,028 - INFO - 30 optimizer training tasks submitted.
2024-10-20 13:37:10,029 - INFO - Training optimizer called for Basic - matrix1
2024-10-20 13:37:10,029 - INFO - BasicOptimizer: Starting optimization process
2024-10-20 13:37:10,030 - INFO - Training optimizer called for Momentum - matrix1
2024-10-20 13:37:10,030 - INFO - MomentumOptimizer: Starting optimization process
2024-10-20 13:37:10,030 - INFO - BasicOptimizer: Optimization finished
2024-10-20 13:37:10,030 - INFO - Optimization complete for Basic - matrix1
2024-10-20 13:37:10,031 - INFO - Training optimizer called for Adam - matrix1
2024-10-20 13:37:10,031 - INFO - MomentumOptimizer: Optimization finished
2024-10-20 13:37:10,031 - INFO - Optimization complete for Momentum - matrix1
2024-10-20 13:37:10,031 - INFO - Training optimizer called for Genetic - matrix1
2024-10-20 13:37:10,031 - INFO - GeneticOptimizer: Starting optimization process
2024-10-20 13:37:10,031 - INFO - Optimization complete for 'matrix1' with optimizer 'Basic'. Final loss: 0.5698471863183492
2024-10-20 13:37:10,032 - INFO - GeneticOptimizer: Optimization finished
2024-10-20 13:37:10,031 - INFO - AdamOptimizer: Starting optimization process
2024-10-20 13:37:10,032 - INFO - Optimization complete for Genetic - matrix1
2024-10-20 13:37:10,034 - INFO - AdamOptimizer: Optimization finished
2024-10-20 13:37:10,034 - INFO - Optimization complete for Adam - matrix1
2024-10-20 13:37:10,036 - INFO - Training optimizer called for PSO - matrix1
2024-10-20 13:37:10,036 - INFO - PSOOptimizer: Starting optimization process
2024-10-20 13:37:10,037 - INFO - Optimization steps for 'Basic' and 'matrix1' saved to train.json.
2024-10-20 13:37:10,037 - INFO - Optimization complete for 'matrix1' with optimizer 'Momentum'. Final loss: 0.5698471863183492
2024-10-20 13:37:10,038 - INFO - PSOOptimizer: Optimization finished
2024-10-20 13:37:10,040 - INFO - Optimization complete for PSO - matrix1
2024-10-20 13:37:10,041 - INFO - Training optimizer called for Basic - matrix2
2024-10-20 13:37:10,042 - INFO - BasicOptimizer: Starting optimization process
2024-10-20 13:37:10,042 - INFO - BasicOptimizer: Optimization finished
2024-10-20 13:37:10,042 - INFO - Optimization complete for Basic - matrix2
2024-10-20 13:37:10,043 - INFO - Optimization steps for 'Momentum' and 'matrix1' saved to train.json.
2024-10-20 13:37:10,043 - INFO - Training optimizer called for Momentum - matrix2
2024-10-20 13:37:10,043 - INFO - MomentumOptimizer: Starting optimization process
2024-10-20 13:37:10,043 - INFO - Optimization complete for 'matrix1' with optimizer 'Genetic'. Final loss: 0.5613332169136682
2024-10-20 13:37:10,044 - INFO - MomentumOptimizer: Optimization finished
2024-10-20 13:37:10,044 - INFO - Optimization complete for Momentum - matrix2
2024-10-20 13:37:10,044 - INFO - Training optimizer called for Adam - matrix2
2024-10-20 13:37:10,044 - INFO - AdamOptimizer: Starting optimization process
2024-10-20 13:37:10,045 - INFO - AdamOptimizer: Optimization finished
2024-10-20 13:37:10,046 - INFO - Optimization complete for Adam - matrix2
2024-10-20 13:37:10,046 - INFO - Training optimizer called for Genetic - matrix2
2024-10-20 13:37:10,046 - INFO - GeneticOptimizer: Starting optimization process
2024-10-20 13:37:10,047 - INFO - GeneticOptimizer: Optimization finished
2024-10-20 13:37:10,047 - INFO - Optimization complete for Genetic - matrix2
2024-10-20 13:37:10,047 - INFO - Training optimizer called for PSO - matrix2
2024-10-20 13:37:10,047 - INFO - PSOOptimizer: Starting optimization process
2024-10-20 13:37:10,048 - INFO - PSOOptimizer: Optimization finished
2024-10-20 13:37:10,048 - INFO - Optimization complete for PSO - matrix2
2024-10-20 13:37:10,048 - INFO - Training optimizer called for Basic - matrix3
2024-10-20 13:37:10,048 - INFO - BasicOptimizer: Starting optimization process
2024-10-20 13:37:10,049 - INFO - BasicOptimizer: Optimization finished
2024-10-20 13:37:10,049 - INFO - Optimization complete for Basic - matrix3
2024-10-20 13:37:10,050 - INFO - Training optimizer called for Momentum - matrix3
2024-10-20 13:37:10,050 - INFO - MomentumOptimizer: Starting optimization process
2024-10-20 13:37:10,051 - INFO - MomentumOptimizer: Optimization finished
2024-10-20 13:37:10,051 - INFO - Optimization complete for Momentum - matrix3
2024-10-20 13:37:10,051 - INFO - Training optimizer called for Adam - matrix3
2024-10-20 13:37:10,051 - INFO - AdamOptimizer: Starting optimization process
2024-10-20 13:37:10,052 - INFO - AdamOptimizer: Optimization finished
2024-10-20 13:37:10,052 - INFO - Optimization complete for Adam - matrix3
2024-10-20 13:37:10,052 - INFO - Training optimizer called for Genetic - matrix3
2024-10-20 13:37:10,052 - INFO - GeneticOptimizer: Starting optimization process
2024-10-20 13:37:10,053 - INFO - GeneticOptimizer: Optimization finished
2024-10-20 13:37:10,053 - INFO - Optimization complete for Genetic - matrix3
2024-10-20 13:37:10,054 - INFO - Training optimizer called for PSO - matrix3
2024-10-20 13:37:10,055 - INFO - PSOOptimizer: Starting optimization process
2024-10-20 13:37:10,055 - INFO - PSOOptimizer: Optimization finished
2024-10-20 13:37:10,055 - INFO - Optimization complete for PSO - matrix3
2024-10-20 13:37:10,056 - INFO - Training optimizer called for Basic - matrix4
2024-10-20 13:37:10,056 - INFO - BasicOptimizer: Starting optimization process
2024-10-20 13:37:10,057 - INFO - BasicOptimizer: Optimization finished
2024-10-20 13:37:10,056 - INFO - Training optimizer called for Momentum - matrix4
2024-10-20 13:37:10,058 - INFO - MomentumOptimizer: Starting optimization process
2024-10-20 13:37:10,058 - INFO - MomentumOptimizer: Optimization finished
2024-10-20 13:37:10,058 - INFO - Optimization complete for Basic - matrix4
2024-10-20 13:37:10,059 - INFO - Training optimizer called for Adam - matrix4
2024-10-20 13:37:10,058 - INFO - Optimization complete for Momentum - matrix4
2024-10-20 13:37:10,060 - INFO - Training optimizer called for Genetic - matrix4
2024-10-20 13:37:10,059 - INFO - AdamOptimizer: Starting optimization process
2024-10-20 13:37:10,061 - INFO - AdamOptimizer: Optimization finished
2024-10-20 13:37:10,060 - INFO - GeneticOptimizer: Starting optimization process
2024-10-20 13:37:10,061 - INFO - Optimization steps for 'Genetic' and 'matrix1' saved to train.json.
2024-10-20 13:37:10,061 - INFO - Optimization complete for 'matrix1' with optimizer 'Adam'. Final loss: 0.5613332169136682
2024-10-20 13:37:10,062 - INFO - GeneticOptimizer: Optimization finished
2024-10-20 13:37:10,062 - INFO - Optimization complete for Genetic - matrix4
2024-10-20 13:37:10,062 - INFO - Training optimizer called for PSO - matrix4
2024-10-20 13:37:10,062 - INFO - PSOOptimizer: Starting optimization process
2024-10-20 13:37:10,061 - INFO - Optimization complete for Adam - matrix4
2024-10-20 13:37:10,063 - INFO - Training optimizer called for Basic - matrix5
2024-10-20 13:37:10,063 - INFO - BasicOptimizer: Starting optimization process
2024-10-20 13:37:10,063 - INFO - BasicOptimizer: Optimization finished
2024-10-20 13:37:10,063 - INFO - Optimization complete for Basic - matrix5
2024-10-20 13:37:10,063 - INFO - PSOOptimizer: Optimization finished
2024-10-20 13:37:10,064 - INFO - Optimization complete for PSO - matrix4
2024-10-20 13:37:10,064 - INFO - Training optimizer called for Momentum - matrix5
2024-10-20 13:37:10,064 - INFO - MomentumOptimizer: Starting optimization process
2024-10-20 13:37:10,064 - INFO - Training optimizer called for Adam - matrix5
2024-10-20 13:37:10,064 - INFO - AdamOptimizer: Starting optimization process
2024-10-20 13:37:10,064 - INFO - MomentumOptimizer: Optimization finished
2024-10-20 13:37:10,065 - INFO - Optimization complete for Momentum - matrix5
2024-10-20 13:37:10,065 - INFO - Training optimizer called for Genetic - matrix5
2024-10-20 13:37:10,065 - INFO - GeneticOptimizer: Starting optimization process
2024-10-20 13:37:10,066 - INFO - GeneticOptimizer: Optimization finished
2024-10-20 13:37:10,066 - INFO - Optimization complete for Genetic - matrix5
2024-10-20 13:37:10,066 - INFO - Training optimizer called for PSO - matrix5
2024-10-20 13:37:10,066 - INFO - PSOOptimizer: Starting optimization process
2024-10-20 13:37:10,067 - INFO - PSOOptimizer: Optimization finished
2024-10-20 13:37:10,066 - INFO - AdamOptimizer: Optimization finished
2024-10-20 13:37:10,067 - INFO - Optimization complete for Adam - matrix5
2024-10-20 13:37:10,067 - INFO - Optimization complete for PSO - matrix5
2024-10-20 13:37:10,067 - INFO - Training optimizer called for Basic - matrix6
2024-10-20 13:37:10,068 - INFO - BasicOptimizer: Starting optimization process
2024-10-20 13:37:10,067 - INFO - Training optimizer called for Momentum - matrix6
2024-10-20 13:37:10,068 - INFO - MomentumOptimizer: Starting optimization process
2024-10-20 13:37:10,069 - INFO - MomentumOptimizer: Optimization finished
2024-10-20 13:37:10,069 - INFO - Optimization complete for Momentum - matrix6
2024-10-20 13:37:10,069 - INFO - BasicOptimizer: Optimization finished
2024-10-20 13:37:10,070 - INFO - Optimization complete for Basic - matrix6
2024-10-20 13:37:10,070 - INFO - Training optimizer called for Adam - matrix6
2024-10-20 13:37:10,070 - INFO - AdamOptimizer: Starting optimization process
2024-10-20 13:37:10,070 - INFO - Training optimizer called for Genetic - matrix6
2024-10-20 13:37:10,071 - INFO - GeneticOptimizer: Starting optimization process
2024-10-20 13:37:10,071 - INFO - GeneticOptimizer: Optimization finished
2024-10-20 13:37:10,071 - INFO - Optimization complete for Genetic - matrix6
2024-10-20 13:37:10,072 - INFO - Training optimizer called for PSO - matrix6
2024-10-20 13:37:10,072 - INFO - PSOOptimizer: Starting optimization process
2024-10-20 13:37:10,072 - INFO - PSOOptimizer: Optimization finished
2024-10-20 13:37:10,073 - INFO - Optimization complete for PSO - matrix6
2024-10-20 13:37:10,073 - INFO - AdamOptimizer: Optimization finished
2024-10-20 13:37:10,073 - INFO - Optimization complete for Adam - matrix6
2024-10-20 13:37:10,075 - INFO - Optimization steps for 'Adam' and 'matrix1' saved to train.json.
2024-10-20 13:37:10,075 - INFO - Optimization complete for 'matrix1' with optimizer 'PSO'. Final loss: 0.218024224095835
2024-10-20 13:37:10,080 - INFO - Optimization steps for 'PSO' and 'matrix1' saved to train.json.
2024-10-20 13:37:10,080 - INFO - Optimization complete for 'matrix2' with optimizer 'Basic'. Final loss: 0.02012571199267188
2024-10-20 13:37:10,087 - INFO - Optimization steps for 'Basic' and 'matrix2' saved to train.json.
2024-10-20 13:37:10,087 - INFO - Optimization complete for 'matrix2' with optimizer 'Momentum'. Final loss: 0.7482237813983416
2024-10-20 13:37:10,094 - INFO - Optimization steps for 'Momentum' and 'matrix2' saved to train.json.
2024-10-20 13:37:10,094 - INFO - Optimization complete for 'matrix2' with optimizer 'Adam'. Final loss: 0.218024224095835
2024-10-20 13:37:10,102 - INFO - Optimization steps for 'Adam' and 'matrix2' saved to train.json.
2024-10-20 13:37:10,102 - INFO - Optimization complete for 'matrix2' with optimizer 'Genetic'. Final loss: 0.02012571199267188
2024-10-20 13:37:10,111 - INFO - Optimization steps for 'Genetic' and 'matrix2' saved to train.json.
2024-10-20 13:37:10,111 - INFO - Optimization complete for 'matrix2' with optimizer 'PSO'. Final loss: 0.7482237813983416
2024-10-20 13:37:10,120 - INFO - Optimization steps for 'PSO' and 'matrix2' saved to train.json.
2024-10-20 13:37:10,120 - INFO - Optimization complete for 'matrix3' with optimizer 'Basic'. Final loss: 0.4173285374277361
2024-10-20 13:37:10,130 - INFO - Optimization steps for 'Basic' and 'matrix3' saved to train.json.
2024-10-20 13:37:10,130 - INFO - Optimization complete for 'matrix3' with optimizer 'Momentum'. Final loss: 0.4173285374277361
2024-10-20 13:37:10,141 - INFO - Optimization steps for 'Momentum' and 'matrix3' saved to train.json.
2024-10-20 13:37:10,141 - INFO - Optimization complete for 'matrix3' with optimizer 'Adam'. Final loss: 0.7460385332948088
2024-10-20 13:37:10,153 - INFO - Optimization steps for 'Adam' and 'matrix3' saved to train.json.
2024-10-20 13:37:10,153 - INFO - Optimization complete for 'matrix3' with optimizer 'Genetic'. Final loss: 0.4393276013797429
2024-10-20 13:37:10,165 - INFO - Optimization steps for 'Genetic' and 'matrix3' saved to train.json.
2024-10-20 13:37:10,165 - INFO - Optimization complete for 'matrix3' with optimizer 'PSO'. Final loss: 0.7460385332948088
2024-10-20 13:37:10,180 - INFO - Optimization steps for 'PSO' and 'matrix3' saved to train.json.
2024-10-20 13:37:10,180 - INFO - Optimization complete for 'matrix4' with optimizer 'Basic'. Final loss: 0.4393276013797429
2024-10-20 13:37:10,193 - INFO - Optimization steps for 'Basic' and 'matrix4' saved to train.json.
2024-10-20 13:37:10,194 - INFO - Optimization complete for 'matrix4' with optimizer 'Momentum'. Final loss: 0.16230326741198908
2024-10-20 13:37:10,207 - INFO - Optimization steps for 'Momentum' and 'matrix4' saved to train.json.
2024-10-20 13:37:10,208 - INFO - Optimization complete for 'matrix4' with optimizer 'Genetic'. Final loss: 0.8198470760134807
2024-10-20 13:37:10,223 - INFO - Optimization steps for 'Genetic' and 'matrix4' saved to train.json.
2024-10-20 13:37:10,223 - INFO - Optimization complete for 'matrix4' with optimizer 'Adam'. Final loss: 0.16230326741198908
2024-10-20 13:37:10,238 - INFO - Optimization steps for 'Adam' and 'matrix4' saved to train.json.
2024-10-20 13:37:10,238 - INFO - Optimization complete for 'matrix5' with optimizer 'Basic'. Final loss: 0.8198470760134807
2024-10-20 13:37:10,254 - INFO - Optimization steps for 'Basic' and 'matrix5' saved to train.json.
2024-10-20 13:37:10,254 - INFO - Optimization complete for 'matrix4' with optimizer 'PSO'. Final loss: 0.31754507680293165
2024-10-20 13:37:10,270 - INFO - Optimization steps for 'PSO' and 'matrix4' saved to train.json.
2024-10-20 13:37:10,271 - INFO - Optimization complete for 'matrix5' with optimizer 'Momentum'. Final loss: 0.31754507680293165
2024-10-20 13:37:10,288 - INFO - Optimization steps for 'Momentum' and 'matrix5' saved to train.json.
2024-10-20 13:37:10,288 - INFO - Optimization complete for 'matrix5' with optimizer 'Genetic'. Final loss: 0.34216790691757826
2024-10-20 13:37:10,306 - INFO - Optimization steps for 'Genetic' and 'matrix5' saved to train.json.
2024-10-20 13:37:10,306 - INFO - Optimization complete for 'matrix5' with optimizer 'Adam'. Final loss: 0.34216790691757826
2024-10-20 13:37:10,325 - INFO - Optimization steps for 'Adam' and 'matrix5' saved to train.json.
2024-10-20 13:37:10,325 - INFO - Optimization complete for 'matrix5' with optimizer 'PSO'. Final loss: 0.2578359964453061
2024-10-20 13:37:10,344 - INFO - Optimization steps for 'PSO' and 'matrix5' saved to train.json.
2024-10-20 13:37:10,344 - INFO - Optimization complete for 'matrix6' with optimizer 'Momentum'. Final loss: 0.5405918027879235
2024-10-20 13:37:10,365 - INFO - Optimization steps for 'Momentum' and 'matrix6' saved to train.json.
2024-10-20 13:37:10,365 - INFO - Optimization complete for 'matrix6' with optimizer 'Basic'. Final loss: 0.2578359964453061
2024-10-20 13:37:10,385 - INFO - Optimization steps for 'Basic' and 'matrix6' saved to train.json.
2024-10-20 13:37:10,386 - INFO - Optimization complete for 'matrix6' with optimizer 'Genetic'. Final loss: 0.5405918027879235
2024-10-20 13:37:10,407 - INFO - Optimization steps for 'Genetic' and 'matrix6' saved to train.json.
2024-10-20 13:37:10,407 - INFO - Optimization complete for 'matrix6' with optimizer 'PSO'. Final loss: 0.7435137979494524
2024-10-20 13:37:10,429 - INFO - Optimization steps for 'PSO' and 'matrix6' saved to train.json.
2024-10-20 13:37:10,429 - INFO - Optimization complete for 'matrix6' with optimizer 'Adam'. Final loss: 0.7435137979494524
2024-10-20 13:37:10,452 - INFO - Optimization steps for 'Adam' and 'matrix6' saved to train.json.
2024-10-20 13:37:10,460 - INFO - Training finished at 2024-10-20 13:37:10. Duration: 0.44513 seconds.
2024-10-20 13:37:10,460 - INFO - ++++++++++++++++++++++++++++++ Thread Analysis +++++++++++++
2024-10-20 13:37:10,460 - INFO - Number of processes used: 2
2024-10-20 13:37:10,460 - INFO - Total computation time: 0.44513 seconds.
2024-10-20 13:37:10,460 - INFO - ++++++++++++++++++++++++++++++ Thread Analysis +++++++++++++
2024-10-20 13:37:10,460 - INFO - All optimizers successfully trained.
2024-10-20 13:37:10,460 - INFO - Saving optimized training matrix to train.json.
2024-10-20 13:37:10,487 - INFO - Optimized training matrix saved to train.json.
2024-10-20 13:37:10,488 - INFO - Saving final circuit image as 'starter_after.png'.
2024-10-20 13:37:12,858 - INFO - Starter circuit image saved at 'var/data/starter_after.png'.
2024-10-20 13:37:12,859 - INFO - All optimizers have been trained successfully.
2024-10-20 13:37:20,855 - INFO - Selected to return to Main Menu.
2024-10-20 13:37:29,636 - INFO - Lade Daten aus data.json
2024-10-20 13:37:29,637 - INFO - Erwartete Optimizer: ['Basic', 'Momentum', 'Adam', 'Genetic', 'PSO', 'Bayesian', 'SimulatedAnnealing']
2024-10-20 13:37:29,637 - INFO - Erwartete Aktivierungsmatrizen: ['matrix1', 'matrix2', 'matrix3', 'matrix4', 'matrix5', 'matrix6']
2024-10-20 13:37:29,637 - INFO - Lade Daten aus train.json
2024-10-20 13:37:29,641 - INFO - Anzahl der Optimizer-Schritte in train.json: 30
2024-10-20 13:37:29,641 - INFO - Überprüfe Konsistenz der Optimizer-Daten
2024-10-20 13:37:29,641 - ERROR - Fehlende Optimizer-Schritt Kombination: Optimizer 'SimulatedAnnealing' für Matrix 'matrix6'
2024-10-20 13:37:29,641 - ERROR - Fehlende Optimizer-Schritt Kombination: Optimizer 'SimulatedAnnealing' für Matrix 'matrix5'
2024-10-20 13:37:29,642 - ERROR - Fehlende Optimizer-Schritt Kombination: Optimizer 'SimulatedAnnealing' für Matrix 'matrix1'
2024-10-20 13:37:29,642 - ERROR - Fehlende Optimizer-Schritt Kombination: Optimizer 'Bayesian' für Matrix 'matrix3'
2024-10-20 13:37:29,642 - ERROR - Fehlende Optimizer-Schritt Kombination: Optimizer 'SimulatedAnnealing' für Matrix 'matrix2'
2024-10-20 13:37:29,642 - ERROR - Fehlende Optimizer-Schritt Kombination: Optimizer 'Bayesian' für Matrix 'matrix6'
2024-10-20 13:37:29,642 - ERROR - Fehlende Optimizer-Schritt Kombination: Optimizer 'Bayesian' für Matrix 'matrix5'
2024-10-20 13:37:29,642 - ERROR - Fehlende Optimizer-Schritt Kombination: Optimizer 'Bayesian' für Matrix 'matrix1'
2024-10-20 13:37:29,642 - ERROR - Fehlende Optimizer-Schritt Kombination: Optimizer 'SimulatedAnnealing' für Matrix 'matrix4'
2024-10-20 13:37:29,642 - ERROR - Fehlende Optimizer-Schritt Kombination: Optimizer 'Bayesian' für Matrix 'matrix2'
2024-10-20 13:37:29,642 - ERROR - Fehlende Optimizer-Schritt Kombination: Optimizer 'SimulatedAnnealing' für Matrix 'matrix3'
2024-10-20 13:37:29,642 - ERROR - Fehlende Optimizer-Schritt Kombination: Optimizer 'Bayesian' für Matrix 'matrix4'
2024-10-20 13:37:29,642 - WARNING - Inkonsequente Optimizer-Schritte gefunden.
2024-10-20 13:37:29,642 - ERROR - Konsistenzprüfung fehlgeschlagen. Bitte beheben Sie die oben aufgeführten Fehler.
2024-10-20 13:37:29,642 - WARNING - Konsistenzprüfung fehlgeschlagen.
2024-10-20 13:37:29,642 - WARNING - Berichtserstellung abgebrochen aufgrund fehlender oder inkonsistenter Daten.
2024-10-20 14:04:27,921 - INFO - All necessary files and directories are present.
2024-10-20 14:04:32,077 - ERROR - Ein Fehler ist beim Ausführen des Interpreters aufgetreten: 'OptimizerInterpreter' object has no attribute 'run'
2024-10-20 14:04:32,077 - WARNING - Berichtserstellung abgebrochen aufgrund fehlender oder inkonsistenter Daten.
2024-10-20 14:05:34,124 - INFO - All necessary files and directories are present.
2024-10-20 14:05:36,452 - INFO - Lade Daten aus data.json
2024-10-20 14:05:36,453 - INFO - Erwartete Optimizer: ['Basic', 'Momentum', 'Adam', 'Genetic', 'PSO', 'Bayesian', 'SimulatedAnnealing']
2024-10-20 14:05:36,453 - INFO - Erwartete Aktivierungsmatrizen: ['matrix1', 'matrix2', 'matrix3', 'matrix4', 'matrix5', 'matrix6']
2024-10-20 14:05:36,453 - INFO - Lade Daten aus train.json
2024-10-20 14:05:36,457 - INFO - Anzahl der Optimizer-Schritte in train.json: 30
2024-10-20 14:05:36,457 - INFO - Überprüfe Konsistenz der Optimizer-Daten
2024-10-20 14:05:36,457 - ERROR - Optimizer 'SimulatedAnnealing' für Matrix 'matrix1' wurde gar nicht ausgeführt.
2024-10-20 14:05:36,457 - ERROR - Optimizer 'SimulatedAnnealing' für Matrix 'matrix6' wurde gar nicht ausgeführt.
2024-10-20 14:05:36,457 - ERROR - Optimizer 'SimulatedAnnealing' für Matrix 'matrix3' wurde gar nicht ausgeführt.
2024-10-20 14:05:36,457 - ERROR - Optimizer 'Bayesian' für Matrix 'matrix1' wurde gar nicht ausgeführt.
2024-10-20 14:05:36,457 - ERROR - Optimizer 'Bayesian' für Matrix 'matrix6' wurde gar nicht ausgeführt.
2024-10-20 14:05:36,457 - ERROR - Optimizer 'Bayesian' für Matrix 'matrix3' wurde gar nicht ausgeführt.
2024-10-20 14:05:36,457 - ERROR - Optimizer 'SimulatedAnnealing' für Matrix 'matrix5' wurde gar nicht ausgeführt.
2024-10-20 14:05:36,457 - ERROR - Optimizer 'Bayesian' für Matrix 'matrix5' wurde gar nicht ausgeführt.
2024-10-20 14:05:36,457 - ERROR - Optimizer 'SimulatedAnnealing' für Matrix 'matrix2' wurde gar nicht ausgeführt.
2024-10-20 14:05:36,457 - ERROR - Optimizer 'Bayesian' für Matrix 'matrix2' wurde gar nicht ausgeführt.
2024-10-20 14:05:36,457 - ERROR - Optimizer 'SimulatedAnnealing' für Matrix 'matrix4' wurde gar nicht ausgeführt.
2024-10-20 14:05:36,457 - ERROR - Optimizer 'Bayesian' für Matrix 'matrix4' wurde gar nicht ausgeführt.
2024-10-20 14:05:36,457 - INFO - Optimizer 'Momentum' für Matrix 'matrix2' ist erfolgreich gelaufen.
2024-10-20 14:05:36,457 - INFO - Optimizer 'PSO' für Matrix 'matrix6' ist erfolgreich gelaufen.
2024-10-20 14:05:36,457 - INFO - Optimizer 'Basic' für Matrix 'matrix4' ist erfolgreich gelaufen.
2024-10-20 14:05:36,457 - INFO - Optimizer 'Momentum' für Matrix 'matrix4' ist erfolgreich gelaufen.
2024-10-20 14:05:36,457 - INFO - Optimizer 'PSO' für Matrix 'matrix2' ist erfolgreich gelaufen.
2024-10-20 14:05:36,457 - INFO - Optimizer 'PSO' für Matrix 'matrix5' ist erfolgreich gelaufen.
2024-10-20 14:05:36,457 - INFO - Optimizer 'PSO' für Matrix 'matrix4' ist erfolgreich gelaufen.
2024-10-20 14:05:36,458 - INFO - Optimizer 'Basic' für Matrix 'matrix2' ist erfolgreich gelaufen.
2024-10-20 14:05:36,458 - INFO - Optimizer 'Adam' für Matrix 'matrix1' ist erfolgreich gelaufen.
2024-10-20 14:05:36,458 - INFO - Optimizer 'Adam' für Matrix 'matrix6' ist erfolgreich gelaufen.
2024-10-20 14:05:36,458 - INFO - Optimizer 'Adam' für Matrix 'matrix3' ist erfolgreich gelaufen.
2024-10-20 14:05:36,458 - INFO - Optimizer 'Adam' für Matrix 'matrix5' ist erfolgreich gelaufen.
2024-10-20 14:05:36,458 - INFO - Optimizer 'Adam' für Matrix 'matrix2' ist erfolgreich gelaufen.
2024-10-20 14:05:36,458 - INFO - Optimizer 'Genetic' für Matrix 'matrix1' ist erfolgreich gelaufen.
2024-10-20 14:05:36,458 - INFO - Optimizer 'Adam' für Matrix 'matrix4' ist erfolgreich gelaufen.
2024-10-20 14:05:36,458 - INFO - Optimizer 'Genetic' für Matrix 'matrix6' ist erfolgreich gelaufen.
2024-10-20 14:05:36,458 - INFO - Optimizer 'Genetic' für Matrix 'matrix3' ist erfolgreich gelaufen.
2024-10-20 14:05:36,458 - INFO - Optimizer 'Genetic' für Matrix 'matrix5' ist erfolgreich gelaufen.
2024-10-20 14:05:36,458 - INFO - Optimizer 'Genetic' für Matrix 'matrix2' ist erfolgreich gelaufen.
2024-10-20 14:05:36,458 - INFO - Optimizer 'Basic' für Matrix 'matrix1' ist erfolgreich gelaufen.
2024-10-20 14:05:36,458 - INFO - Optimizer 'Basic' für Matrix 'matrix3' ist erfolgreich gelaufen.
2024-10-20 14:05:36,458 - INFO - Optimizer 'Genetic' für Matrix 'matrix4' ist erfolgreich gelaufen.
2024-10-20 14:05:36,458 - INFO - Optimizer 'Basic' für Matrix 'matrix6' ist erfolgreich gelaufen.
2024-10-20 14:05:36,458 - INFO - Optimizer 'Momentum' für Matrix 'matrix1' ist erfolgreich gelaufen.
2024-10-20 14:05:36,458 - INFO - Optimizer 'Momentum' für Matrix 'matrix6' ist erfolgreich gelaufen.
2024-10-20 14:05:36,458 - INFO - Optimizer 'Momentum' für Matrix 'matrix3' ist erfolgreich gelaufen.
2024-10-20 14:05:36,458 - INFO - Optimizer 'Basic' für Matrix 'matrix5' ist erfolgreich gelaufen.
2024-10-20 14:05:36,458 - INFO - Optimizer 'PSO' für Matrix 'matrix1' ist erfolgreich gelaufen.
2024-10-20 14:05:36,458 - INFO - Optimizer 'Momentum' für Matrix 'matrix5' ist erfolgreich gelaufen.
2024-10-20 14:05:36,458 - INFO - Optimizer 'PSO' für Matrix 'matrix3' ist erfolgreich gelaufen.
2024-10-20 14:05:36,459 - ERROR - Konsistenzprüfung fehlgeschlagen. Bitte beheben Sie die oben aufgeführten Fehler.
2024-10-20 14:05:36,459 - WARNING - Konsistenzprüfung fehlgeschlagen.
2024-10-20 14:05:36,459 - WARNING - Berichtserstellung abgebrochen aufgrund fehlender oder inkonsistenter Daten.
2024-10-20 17:44:06,313 - INFO - All necessary files and directories are present.
2024-10-20 17:44:18,930 - INFO - Lade Daten aus data.json
2024-10-20 17:44:18,931 - INFO - Erwartete Optimizer: ['Basic', 'Momentum', 'Adam', 'Genetic', 'PSO', 'Bayesian', 'SimulatedAnnealing']
2024-10-20 17:44:18,932 - INFO - Erwartete Aktivierungsmatrizen: ['matrix1', 'matrix2', 'matrix3', 'matrix4', 'matrix5', 'matrix6']
2024-10-20 17:44:18,932 - INFO - Lade Daten aus train.json
2024-10-20 17:44:18,935 - INFO - Anzahl der Optimizer-Schritte in train.json: 30
2024-10-20 17:44:18,935 - INFO - Überprüfe Konsistenz der Optimizer-Daten
2024-10-20 17:44:18,935 - ERROR - Optimizer 'SimulatedAnnealing' für Matrix 'matrix4' wurde gar nicht ausgeführt.
2024-10-20 17:44:18,935 - ERROR - Optimizer 'Bayesian' für Matrix 'matrix5' wurde gar nicht ausgeführt.
2024-10-20 17:44:18,935 - ERROR - Optimizer 'Bayesian' für Matrix 'matrix6' wurde gar nicht ausgeführt.
2024-10-20 17:44:18,935 - ERROR - Optimizer 'SimulatedAnnealing' für Matrix 'matrix1' wurde gar nicht ausgeführt.
2024-10-20 17:44:18,935 - ERROR - Optimizer 'Bayesian' für Matrix 'matrix2' wurde gar nicht ausgeführt.
2024-10-20 17:44:18,935 - ERROR - Optimizer 'Bayesian' für Matrix 'matrix3' wurde gar nicht ausgeführt.
2024-10-20 17:44:18,935 - ERROR - Optimizer 'SimulatedAnnealing' für Matrix 'matrix3' wurde gar nicht ausgeführt.
2024-10-20 17:44:18,935 - ERROR - Optimizer 'SimulatedAnnealing' für Matrix 'matrix5' wurde gar nicht ausgeführt.
2024-10-20 17:44:18,936 - ERROR - Optimizer 'SimulatedAnnealing' für Matrix 'matrix6' wurde gar nicht ausgeführt.
2024-10-20 17:44:18,936 - ERROR - Optimizer 'Bayesian' für Matrix 'matrix4' wurde gar nicht ausgeführt.
2024-10-20 17:44:18,936 - ERROR - Optimizer 'SimulatedAnnealing' für Matrix 'matrix2' wurde gar nicht ausgeführt.
2024-10-20 17:44:18,936 - ERROR - Optimizer 'Bayesian' für Matrix 'matrix1' wurde gar nicht ausgeführt.
2024-10-20 17:44:18,936 - INFO - Optimizer 'PSO' für Matrix 'matrix3' ist erfolgreich gelaufen.
2024-10-20 17:44:18,936 - INFO - Optimizer 'Adam' für Matrix 'matrix5' ist erfolgreich gelaufen.
2024-10-20 17:44:18,936 - INFO - Optimizer 'Momentum' für Matrix 'matrix5' ist erfolgreich gelaufen.
2024-10-20 17:44:18,937 - INFO - Optimizer 'Basic' für Matrix 'matrix2' ist erfolgreich gelaufen.
2024-10-20 17:44:18,937 - INFO - Optimizer 'Basic' für Matrix 'matrix4' ist erfolgreich gelaufen.
2024-10-20 17:44:18,937 - INFO - Optimizer 'Basic' für Matrix 'matrix1' ist erfolgreich gelaufen.
2024-10-20 17:44:18,937 - INFO - Optimizer 'Genetic' für Matrix 'matrix3' ist erfolgreich gelaufen.
2024-10-20 17:44:18,937 - INFO - Optimizer 'PSO' für Matrix 'matrix5' ist erfolgreich gelaufen.
2024-10-20 17:44:18,937 - INFO - Optimizer 'Adam' für Matrix 'matrix2' ist erfolgreich gelaufen.
2024-10-20 17:44:18,937 - INFO - Optimizer 'Adam' für Matrix 'matrix4' ist erfolgreich gelaufen.
2024-10-20 17:44:18,937 - INFO - Optimizer 'Basic' für Matrix 'matrix6' ist erfolgreich gelaufen.
2024-10-20 17:44:18,937 - INFO - Optimizer 'Momentum' für Matrix 'matrix2' ist erfolgreich gelaufen.
2024-10-20 17:44:18,937 - INFO - Optimizer 'Momentum' für Matrix 'matrix4' ist erfolgreich gelaufen.
2024-10-20 17:44:18,937 - INFO - Optimizer 'Adam' für Matrix 'matrix1' ist erfolgreich gelaufen.
2024-10-20 17:44:18,937 - INFO - Optimizer 'Genetic' für Matrix 'matrix5' ist erfolgreich gelaufen.
2024-10-20 17:44:18,937 - INFO - Optimizer 'Adam' für Matrix 'matrix6' ist erfolgreich gelaufen.
2024-10-20 17:44:18,937 - INFO - Optimizer 'Momentum' für Matrix 'matrix1' ist erfolgreich gelaufen.
2024-10-20 17:44:18,937 - INFO - Optimizer 'PSO' für Matrix 'matrix2' ist erfolgreich gelaufen.
2024-10-20 17:44:18,937 - INFO - Optimizer 'PSO' für Matrix 'matrix4' ist erfolgreich gelaufen.
2024-10-20 17:44:18,937 - INFO - Optimizer 'Momentum' für Matrix 'matrix6' ist erfolgreich gelaufen.
2024-10-20 17:44:18,937 - INFO - Optimizer 'Basic' für Matrix 'matrix3' ist erfolgreich gelaufen.
2024-10-20 17:44:18,937 - INFO - Optimizer 'PSO' für Matrix 'matrix1' ist erfolgreich gelaufen.
2024-10-20 17:44:18,937 - INFO - Optimizer 'PSO' für Matrix 'matrix6' ist erfolgreich gelaufen.
2024-10-20 17:44:18,937 - INFO - Optimizer 'Genetic' für Matrix 'matrix2' ist erfolgreich gelaufen.
2024-10-20 17:44:18,937 - INFO - Optimizer 'Adam' für Matrix 'matrix3' ist erfolgreich gelaufen.
2024-10-20 17:44:18,938 - INFO - Optimizer 'Genetic' für Matrix 'matrix4' ist erfolgreich gelaufen.
2024-10-20 17:44:18,938 - INFO - Optimizer 'Momentum' für Matrix 'matrix3' ist erfolgreich gelaufen.
2024-10-20 17:44:18,938 - INFO - Optimizer 'Genetic' für Matrix 'matrix1' ist erfolgreich gelaufen.
2024-10-20 17:44:18,938 - INFO - Optimizer 'Basic' für Matrix 'matrix5' ist erfolgreich gelaufen.
2024-10-20 17:44:18,938 - INFO - Optimizer 'Genetic' für Matrix 'matrix6' ist erfolgreich gelaufen.
2024-10-20 17:44:18,938 - ERROR - Konsistenzprüfung fehlgeschlagen. Bitte beheben Sie die oben aufgeführten Fehler.
2024-10-20 17:44:18,938 - WARNING - Konsistenzprüfung fehlgeschlagen.
2024-10-20 17:44:18,938 - WARNING - Berichtserstellung abgebrochen aufgrund fehlender oder inkonsistenter Daten.
2024-10-20 18:38:28,821 - INFO - All necessary files and directories are present.
2024-10-20 18:38:34,012 - INFO - Lade Daten aus data.json
2024-10-20 18:38:34,013 - INFO - Erwartete Optimizer: ['Basic', 'Momentum', 'Adam', 'Genetic', 'PSO', 'Bayesian', 'SimulatedAnnealing']
2024-10-20 18:38:34,013 - INFO - Erwartete Aktivierungsmatrizen: ['matrix1', 'matrix2', 'matrix3', 'matrix4', 'matrix5', 'matrix6']
2024-10-20 18:38:34,013 - INFO - Lade Daten aus train.json
2024-10-20 18:38:34,017 - INFO - Anzahl der Optimizer-Schritte in train.json: 30
2024-10-20 18:38:34,017 - INFO - Überprüfe Konsistenz der Optimizer-Daten
2024-10-20 18:38:34,017 - ERROR - Optimizer 'SimulatedAnnealing' für Matrix 'matrix5' wurde gar nicht ausgeführt.
2024-10-20 18:38:34,017 - ERROR - Optimizer 'SimulatedAnnealing' für Matrix 'matrix1' wurde gar nicht ausgeführt.
2024-10-20 18:38:34,018 - ERROR - Optimizer 'SimulatedAnnealing' für Matrix 'matrix6' wurde gar nicht ausgeführt.
2024-10-20 18:38:34,018 - ERROR - Optimizer 'Bayesian' für Matrix 'matrix1' wurde gar nicht ausgeführt.
2024-10-20 18:38:34,018 - ERROR - Optimizer 'Bayesian' für Matrix 'matrix4' wurde gar nicht ausgeführt.
2024-10-20 18:38:34,018 - ERROR - Optimizer 'SimulatedAnnealing' für Matrix 'matrix2' wurde gar nicht ausgeführt.
2024-10-20 18:38:34,018 - ERROR - Optimizer 'Bayesian' für Matrix 'matrix3' wurde gar nicht ausgeführt.
2024-10-20 18:38:34,018 - ERROR - Optimizer 'Bayesian' für Matrix 'matrix5' wurde gar nicht ausgeführt.
2024-10-20 18:38:34,018 - ERROR - Optimizer 'Bayesian' für Matrix 'matrix6' wurde gar nicht ausgeführt.
2024-10-20 18:38:34,018 - ERROR - Optimizer 'Bayesian' für Matrix 'matrix2' wurde gar nicht ausgeführt.
2024-10-20 18:38:34,018 - ERROR - Optimizer 'SimulatedAnnealing' für Matrix 'matrix4' wurde gar nicht ausgeführt.
2024-10-20 18:38:34,018 - ERROR - Optimizer 'SimulatedAnnealing' für Matrix 'matrix3' wurde gar nicht ausgeführt.
2024-10-20 18:38:34,018 - INFO - Optimizer 'Adam' für Matrix 'matrix2' ist erfolgreich gelaufen.
2024-10-20 18:38:34,018 - INFO - Optimizer 'PSO' für Matrix 'matrix6' ist erfolgreich gelaufen.
2024-10-20 18:38:34,018 - INFO - Optimizer 'Adam' für Matrix 'matrix5' ist erfolgreich gelaufen.
2024-10-20 18:38:34,018 - INFO - Optimizer 'Momentum' für Matrix 'matrix6' ist erfolgreich gelaufen.
2024-10-20 18:38:34,018 - INFO - Optimizer 'PSO' für Matrix 'matrix3' ist erfolgreich gelaufen.
2024-10-20 18:38:34,018 - INFO - Optimizer 'Basic' für Matrix 'matrix6' ist erfolgreich gelaufen.
2024-10-20 18:38:34,018 - INFO - Optimizer 'Genetic' für Matrix 'matrix6' ist erfolgreich gelaufen.
2024-10-20 18:38:34,018 - INFO - Optimizer 'Momentum' für Matrix 'matrix3' ist erfolgreich gelaufen.
2024-10-20 18:38:34,018 - INFO - Optimizer 'Basic' für Matrix 'matrix3' ist erfolgreich gelaufen.
2024-10-20 18:38:34,018 - INFO - Optimizer 'Genetic' für Matrix 'matrix3' ist erfolgreich gelaufen.
2024-10-20 18:38:34,018 - INFO - Optimizer 'PSO' für Matrix 'matrix4' ist erfolgreich gelaufen.
2024-10-20 18:38:34,018 - INFO - Optimizer 'Adam' für Matrix 'matrix6' ist erfolgreich gelaufen.
2024-10-20 18:38:34,018 - INFO - Optimizer 'PSO' für Matrix 'matrix1' ist erfolgreich gelaufen.
2024-10-20 18:38:34,018 - INFO - Optimizer 'PSO' für Matrix 'matrix2' ist erfolgreich gelaufen.
2024-10-20 18:38:34,019 - INFO - Optimizer 'Momentum' für Matrix 'matrix1' ist erfolgreich gelaufen.
2024-10-20 18:38:34,019 - INFO - Optimizer 'Adam' für Matrix 'matrix3' ist erfolgreich gelaufen.
2024-10-20 18:38:34,019 - INFO - Optimizer 'Momentum' für Matrix 'matrix4' ist erfolgreich gelaufen.
2024-10-20 18:38:34,019 - INFO - Optimizer 'Basic' für Matrix 'matrix4' ist erfolgreich gelaufen.
2024-10-20 18:38:34,019 - INFO - Optimizer 'Genetic' für Matrix 'matrix4' ist erfolgreich gelaufen.
2024-10-20 18:38:34,019 - INFO - Optimizer 'Basic' für Matrix 'matrix1' ist erfolgreich gelaufen.
2024-10-20 18:38:34,019 - INFO - Optimizer 'Genetic' für Matrix 'matrix1' ist erfolgreich gelaufen.
2024-10-20 18:38:34,019 - INFO - Optimizer 'Momentum' für Matrix 'matrix2' ist erfolgreich gelaufen.
2024-10-20 18:38:34,019 - INFO - Optimizer 'PSO' für Matrix 'matrix5' ist erfolgreich gelaufen.
2024-10-20 18:38:34,019 - INFO - Optimizer 'Basic' für Matrix 'matrix2' ist erfolgreich gelaufen.
2024-10-20 18:38:34,019 - INFO - Optimizer 'Genetic' für Matrix 'matrix2' ist erfolgreich gelaufen.
2024-10-20 18:38:34,019 - INFO - Optimizer 'Adam' für Matrix 'matrix1' ist erfolgreich gelaufen.
2024-10-20 18:38:34,019 - INFO - Optimizer 'Adam' für Matrix 'matrix4' ist erfolgreich gelaufen.
2024-10-20 18:38:34,019 - INFO - Optimizer 'Momentum' für Matrix 'matrix5' ist erfolgreich gelaufen.
2024-10-20 18:38:34,019 - INFO - Optimizer 'Basic' für Matrix 'matrix5' ist erfolgreich gelaufen.
2024-10-20 18:38:34,019 - INFO - Optimizer 'Genetic' für Matrix 'matrix5' ist erfolgreich gelaufen.
2024-10-20 18:38:34,019 - ERROR - Konsistenzprüfung fehlgeschlagen. Bitte beheben Sie die oben aufgeführten Fehler.
2024-10-20 18:38:34,019 - WARNING - Konsistenzprüfung fehlgeschlagen.
2024-10-20 18:38:34,020 - WARNING - Berichtserstellung abgebrochen aufgrund fehlender oder inkonsistenter Daten.
2024-10-20 18:38:45,322 - INFO - All necessary files and directories are present.
2024-10-20 18:38:56,376 - WARNING - Invalid input when saving/deleting train.json: 
2024-10-20 18:39:00,394 - INFO - train.json was deleted and reset.
2024-10-20 18:39:01,118 - INFO - 1. Creating the training matrix
2024-10-20 18:39:02,120 - INFO - Creating training matrix with qubits: 9 and depth: 8
2024-10-20 18:39:02,121 - INFO - matrix1 successfully loaded.
2024-10-20 18:39:02,121 - INFO - matrix2 successfully loaded.
2024-10-20 18:39:02,121 - INFO - matrix3 successfully loaded.
2024-10-20 18:39:02,121 - INFO - matrix4 successfully loaded.
2024-10-20 18:39:02,122 - INFO - matrix5 successfully loaded.
2024-10-20 18:39:02,122 - INFO - matrix6 successfully loaded.
2024-10-20 18:39:02,152 - INFO - Training matrix successfully saved to train.json.
2024-10-20 18:39:02,152 - INFO - Training matrix successfully saved in train.json.
2024-10-20 18:39:02,152 - INFO - Training matrix created with shape (9, 24)
2024-10-20 18:39:02,177 - INFO - train.json wurde mit konvertierten Aktivierungsmatrizen aktualisiert unter 'var/train.json'.
2024-10-20 18:39:02,177 - INFO - 2. Building the environment
2024-10-20 18:39:03,186 - INFO - Circuit successfully initialized.
2024-10-20 18:39:03,186 - INFO - 3. Checking matrix formats
2024-10-20 18:39:04,188 - INFO - Checking the formats of the matrices.
2024-10-20 18:39:04,189 - INFO - Activation matrix matrix1 has the same shape as the training matrix.
2024-10-20 18:39:04,189 - INFO - Activation matrix matrix2 has the same shape as the training matrix.
2024-10-20 18:39:04,189 - INFO - Activation matrix matrix3 has the same shape as the training matrix.
2024-10-20 18:39:04,189 - INFO - Activation matrix matrix4 has the same shape as the training matrix.
2024-10-20 18:39:04,189 - INFO - Activation matrix matrix5 has the same shape as the training matrix.
2024-10-20 18:39:04,189 - INFO - Activation matrix matrix6 has the same shape as the training matrix.
2024-10-20 18:39:04,189 - INFO - All activation matrices have the same format as the training matrix.
2024-10-20 18:39:04,189 - INFO - 4. Saving the circuit as an image
2024-10-20 18:39:05,191 - INFO - Saving the circuit as an image.
2024-10-20 18:39:07,897 - INFO - Circuit image saved at var/data/circuit.png.
2024-10-20 18:39:07,897 - INFO - 5. Training the model with various optimizers
2024-10-20 18:39:08,899 - ERROR - Error initializing OptimizerManager: name 'Circuit' is not defined
2024-10-20 18:54:41,611 - INFO - All necessary files and directories are present.
2024-10-20 18:54:46,466 - INFO - train.json was deleted and reset.
2024-10-20 18:54:47,092 - INFO - 1. Creating the training matrix
2024-10-20 18:54:48,094 - INFO - Creating training matrix with qubits: 9 and depth: 8
2024-10-20 18:54:48,095 - INFO - matrix1 successfully loaded.
2024-10-20 18:54:48,095 - INFO - matrix2 successfully loaded.
2024-10-20 18:54:48,095 - INFO - matrix3 successfully loaded.
2024-10-20 18:54:48,095 - INFO - matrix4 successfully loaded.
2024-10-20 18:54:48,095 - INFO - matrix5 successfully loaded.
2024-10-20 18:54:48,095 - INFO - matrix6 successfully loaded.
2024-10-20 18:54:48,125 - INFO - Training matrix successfully saved to train.json.
2024-10-20 18:54:48,125 - INFO - Training matrix successfully saved in train.json.
2024-10-20 18:54:48,125 - INFO - Training matrix created with shape (9, 24)
2024-10-20 18:54:48,148 - INFO - train.json wurde mit konvertierten Aktivierungsmatrizen aktualisiert unter 'var/train.json'.
2024-10-20 18:54:48,148 - INFO - 2. Building the environment
2024-10-20 18:54:49,156 - INFO - Circuit successfully initialized.
2024-10-20 18:54:49,157 - INFO - 3. Checking matrix formats
2024-10-20 18:54:50,159 - INFO - Checking the formats of the matrices.
2024-10-20 18:54:50,159 - INFO - Activation matrix matrix1 has the same shape as the training matrix.
2024-10-20 18:54:50,159 - INFO - Activation matrix matrix2 has the same shape as the training matrix.
2024-10-20 18:54:50,159 - INFO - Activation matrix matrix3 has the same shape as the training matrix.
2024-10-20 18:54:50,159 - INFO - Activation matrix matrix4 has the same shape as the training matrix.
2024-10-20 18:54:50,159 - INFO - Activation matrix matrix5 has the same shape as the training matrix.
2024-10-20 18:54:50,159 - INFO - Activation matrix matrix6 has the same shape as the training matrix.
2024-10-20 18:54:50,159 - INFO - All activation matrices have the same format as the training matrix.
2024-10-20 18:54:50,159 - INFO - 4. Saving the circuit as an image
2024-10-20 18:56:32,019 - INFO - All necessary files and directories are present.
2024-10-20 18:56:34,595 - INFO - train.json was deleted and reset.
2024-10-20 18:56:35,171 - INFO - 1. Creating the training matrix
2024-10-20 18:56:36,173 - INFO - Creating training matrix with qubits: 9 and depth: 8
2024-10-20 18:56:36,174 - INFO - matrix1 successfully loaded.
2024-10-20 18:56:36,174 - INFO - matrix2 successfully loaded.
2024-10-20 18:56:36,174 - INFO - matrix3 successfully loaded.
2024-10-20 18:56:36,174 - INFO - matrix4 successfully loaded.
2024-10-20 18:56:36,174 - INFO - matrix5 successfully loaded.
2024-10-20 18:56:36,174 - INFO - matrix6 successfully loaded.
2024-10-20 18:56:36,209 - INFO - Training matrix successfully saved to train.json.
2024-10-20 18:56:36,209 - INFO - Training matrix successfully saved in train.json.
2024-10-20 18:56:36,209 - INFO - Training matrix created with shape (9, 24)
2024-10-20 18:56:36,231 - INFO - train.json wurde mit konvertierten Aktivierungsmatrizen aktualisiert unter 'var/train.json'.
2024-10-20 18:56:36,231 - INFO - 2. Building the environment
2024-10-20 18:56:37,238 - INFO - Circuit successfully initialized.
2024-10-20 18:56:37,239 - INFO - 3. Checking matrix formats
2024-10-20 18:56:38,241 - INFO - Checking the formats of the matrices.
2024-10-20 18:56:38,241 - INFO - Activation matrix matrix1 has the same shape as the training matrix.
2024-10-20 18:56:38,241 - INFO - Activation matrix matrix2 has the same shape as the training matrix.
2024-10-20 18:56:38,241 - INFO - Activation matrix matrix3 has the same shape as the training matrix.
2024-10-20 18:56:38,241 - INFO - Activation matrix matrix4 has the same shape as the training matrix.
2024-10-20 18:56:38,241 - INFO - Activation matrix matrix5 has the same shape as the training matrix.
2024-10-20 18:56:38,241 - INFO - Activation matrix matrix6 has the same shape as the training matrix.
2024-10-20 18:56:38,241 - INFO - All activation matrices have the same format as the training matrix.
2024-10-20 18:56:38,241 - INFO - 4. Saving the circuit as an image
2024-10-20 18:56:53,986 - INFO - All necessary files and directories are present.
2024-10-20 18:56:56,304 - INFO - train.json was deleted and reset.
2024-10-20 18:56:57,164 - INFO - 1. Creating the training matrix
2024-10-20 18:56:58,166 - INFO - Creating training matrix with qubits: 9 and depth: 8
2024-10-20 18:56:58,167 - INFO - matrix1 successfully loaded.
2024-10-20 18:56:58,167 - INFO - matrix2 successfully loaded.
2024-10-20 18:56:58,167 - INFO - matrix3 successfully loaded.
2024-10-20 18:56:58,167 - INFO - matrix4 successfully loaded.
2024-10-20 18:56:58,167 - INFO - matrix5 successfully loaded.
2024-10-20 18:56:58,167 - INFO - matrix6 successfully loaded.
2024-10-20 18:56:58,190 - INFO - Training matrix successfully saved to train.json.
2024-10-20 18:56:58,190 - INFO - Training matrix successfully saved in train.json.
2024-10-20 18:56:58,190 - INFO - Training matrix created with shape (9, 24)
2024-10-20 18:56:58,213 - INFO - train.json wurde mit konvertierten Aktivierungsmatrizen aktualisiert unter 'var/train.json'.
2024-10-20 18:56:58,213 - INFO - 2. Building the environment
2024-10-20 18:56:59,221 - INFO - Circuit successfully initialized.
2024-10-20 18:56:59,221 - INFO - 3. Checking matrix formats
2024-10-20 18:57:00,224 - INFO - Checking the formats of the matrices.
2024-10-20 18:57:00,224 - INFO - Activation matrix matrix1 has the same shape as the training matrix.
2024-10-20 18:57:00,224 - INFO - Activation matrix matrix2 has the same shape as the training matrix.
2024-10-20 18:57:00,224 - INFO - Activation matrix matrix3 has the same shape as the training matrix.
2024-10-20 18:57:00,225 - INFO - Activation matrix matrix4 has the same shape as the training matrix.
2024-10-20 18:57:00,225 - INFO - Activation matrix matrix5 has the same shape as the training matrix.
2024-10-20 18:57:00,225 - INFO - Activation matrix matrix6 has the same shape as the training matrix.
2024-10-20 18:57:00,225 - INFO - All activation matrices have the same format as the training matrix.
2024-10-20 18:57:00,225 - INFO - 4. Saving the circuit as an image
2024-10-20 18:57:01,227 - INFO - Saving the circuit as an image.
2024-10-20 18:57:03,833 - INFO - Circuit image saved at var/data/circuit.png.
2024-10-20 18:57:03,833 - INFO - 5. Training the model with various optimizers
2024-10-20 18:57:04,835 - ERROR - Error initializing OptimizerManager: SimulatedAnnealingOptimizer.__init__() missing 1 required positional argument: 'circuit'
2024-10-20 18:59:18,074 - INFO - All necessary files and directories are present.
2024-10-20 18:59:20,940 - WARNING - Invalid input when saving/deleting train.json: 
2024-10-20 18:59:22,143 - WARNING - Invalid input in training menu: 
2024-10-20 18:59:25,149 - INFO - train.json was deleted and reset.
2024-10-20 18:59:25,801 - INFO - 1. Creating the training matrix
2024-10-20 18:59:26,803 - INFO - Creating training matrix with qubits: 9 and depth: 8
2024-10-20 18:59:26,804 - INFO - matrix1 successfully loaded.
2024-10-20 18:59:26,804 - INFO - matrix2 successfully loaded.
2024-10-20 18:59:26,804 - INFO - matrix3 successfully loaded.
2024-10-20 18:59:26,804 - INFO - matrix4 successfully loaded.
2024-10-20 18:59:26,804 - INFO - matrix5 successfully loaded.
2024-10-20 18:59:26,804 - INFO - matrix6 successfully loaded.
2024-10-20 18:59:26,827 - INFO - Training matrix successfully saved to train.json.
2024-10-20 18:59:26,827 - INFO - Training matrix successfully saved in train.json.
2024-10-20 18:59:26,827 - INFO - Training matrix created with shape (9, 24)
2024-10-20 18:59:26,850 - INFO - train.json wurde mit konvertierten Aktivierungsmatrizen aktualisiert unter 'var/train.json'.
2024-10-20 18:59:26,850 - INFO - 2. Building the environment
2024-10-20 18:59:27,858 - INFO - Circuit successfully initialized.
2024-10-20 18:59:27,858 - INFO - 3. Checking matrix formats
2024-10-20 18:59:28,860 - INFO - Checking the formats of the matrices.
2024-10-20 18:59:28,860 - INFO - Activation matrix matrix1 has the same shape as the training matrix.
2024-10-20 18:59:28,860 - INFO - Activation matrix matrix2 has the same shape as the training matrix.
2024-10-20 18:59:28,861 - INFO - Activation matrix matrix3 has the same shape as the training matrix.
2024-10-20 18:59:28,861 - INFO - Activation matrix matrix4 has the same shape as the training matrix.
2024-10-20 18:59:28,861 - INFO - Activation matrix matrix5 has the same shape as the training matrix.
2024-10-20 18:59:28,861 - INFO - Activation matrix matrix6 has the same shape as the training matrix.
2024-10-20 18:59:28,861 - INFO - All activation matrices have the same format as the training matrix.
2024-10-20 18:59:28,861 - INFO - 4. Saving the circuit as an image
2024-10-20 18:59:29,863 - INFO - Saving the circuit as an image.
2024-10-20 18:59:32,491 - INFO - Circuit image saved at var/data/circuit.png.
2024-10-20 18:59:32,491 - INFO - 5. Training the model with various optimizers
2024-10-20 18:59:33,493 - INFO - Saving initial training matrix to train.json.
2024-10-20 18:59:33,540 - INFO - Initial training matrix saved to train.json.
2024-10-20 18:59:33,541 - INFO - Saving initial circuit image as 'starter_before.png'.
2024-10-20 18:59:35,971 - INFO - Starter circuit image saved at 'var/data/starter_before.png'.
2024-10-20 18:59:35,971 - INFO - Starting training of all optimizers in parallel execution.
2024-10-20 18:59:35,972 - INFO - Number of processes used: 2
2024-10-20 18:59:35,972 - INFO - Training started at 2024-10-20 18:59:35.
2024-10-20 18:59:35,989 - INFO - 30 optimizer training tasks submitted.
2024-10-20 18:59:35,991 - INFO - Training optimizer called for Momentum - matrix1
2024-10-20 18:59:35,991 - INFO - MomentumOptimizer: Starting optimization process
2024-10-20 18:59:35,991 - INFO - Training optimizer called for Basic - matrix1
2024-10-20 18:59:35,991 - INFO - BasicOptimizer: Starting optimization process
2024-10-20 18:59:35,992 - INFO - MomentumOptimizer: Optimization finished
2024-10-20 18:59:35,992 - INFO - Optimization complete for Momentum - matrix1
2024-10-20 18:59:35,992 - INFO - BasicOptimizer: Optimization finished
2024-10-20 18:59:35,992 - INFO - Optimization complete for Basic - matrix1
2024-10-20 18:59:35,993 - INFO - Optimization complete for 'matrix1' with optimizer 'Momentum'. Final loss: 0.11177046432402193
2024-10-20 18:59:35,993 - INFO - Training optimizer called for Adam - matrix1
2024-10-20 18:59:35,993 - INFO - AdamOptimizer: Starting optimization process
2024-10-20 18:59:35,995 - INFO - AdamOptimizer: Optimization finished
2024-10-20 18:59:35,995 - INFO - Optimization complete for Adam - matrix1
2024-10-20 18:59:35,995 - INFO - Training optimizer called for Genetic - matrix1
2024-10-20 18:59:35,995 - INFO - GeneticOptimizer: Starting optimization process
2024-10-20 18:59:35,996 - INFO - GeneticOptimizer: Optimization finished
2024-10-20 18:59:35,996 - INFO - Optimization complete for Genetic - matrix1
2024-10-20 18:59:35,996 - INFO - Training optimizer called for PSO - matrix1
2024-10-20 18:59:35,997 - INFO - PSOOptimizer: Starting optimization process
2024-10-20 18:59:35,997 - INFO - PSOOptimizer: Optimization finished
2024-10-20 18:59:35,997 - INFO - Optimization complete for PSO - matrix1
2024-10-20 18:59:35,998 - INFO - Training optimizer called for Basic - matrix2
2024-10-20 18:59:35,998 - INFO - BasicOptimizer: Starting optimization process
2024-10-20 18:59:35,998 - INFO - BasicOptimizer: Optimization finished
2024-10-20 18:59:35,998 - INFO - Optimization complete for Basic - matrix2
2024-10-20 18:59:36,000 - INFO - Training optimizer called for Momentum - matrix2
2024-10-20 18:59:36,000 - INFO - MomentumOptimizer: Starting optimization process
2024-10-20 18:59:36,001 - INFO - MomentumOptimizer: Optimization finished
2024-10-20 18:59:36,001 - INFO - Optimization complete for Momentum - matrix2
2024-10-20 18:59:36,001 - INFO - Training optimizer called for Adam - matrix2
2024-10-20 18:59:36,001 - INFO - AdamOptimizer: Starting optimization process
2024-10-20 18:59:36,003 - INFO - AdamOptimizer: Optimization finished
2024-10-20 18:59:36,003 - INFO - Optimization complete for Adam - matrix2
2024-10-20 18:59:36,003 - INFO - Training optimizer called for Genetic - matrix2
2024-10-20 18:59:36,003 - INFO - Training optimizer called for PSO - matrix2
2024-10-20 18:59:36,003 - INFO - PSOOptimizer: Starting optimization process
2024-10-20 18:59:36,003 - INFO - GeneticOptimizer: Starting optimization process
2024-10-20 18:59:36,004 - INFO - PSOOptimizer: Optimization finished
2024-10-20 18:59:36,004 - INFO - Optimization complete for PSO - matrix2
2024-10-20 18:59:36,004 - INFO - GeneticOptimizer: Optimization finished
2024-10-20 18:59:36,004 - INFO - Optimization complete for Genetic - matrix2
2024-10-20 18:59:36,005 - INFO - Training optimizer called for Basic - matrix3
2024-10-20 18:59:36,005 - INFO - BasicOptimizer: Starting optimization process
2024-10-20 18:59:36,005 - INFO - Training optimizer called for Momentum - matrix3
2024-10-20 18:59:36,005 - INFO - MomentumOptimizer: Starting optimization process
2024-10-20 18:59:36,006 - INFO - MomentumOptimizer: Optimization finished
2024-10-20 18:59:36,006 - INFO - Optimization complete for Momentum - matrix3
2024-10-20 18:59:36,006 - INFO - BasicOptimizer: Optimization finished
2024-10-20 18:59:36,006 - INFO - Optimization complete for Basic - matrix3
2024-10-20 18:59:36,007 - INFO - Training optimizer called for Adam - matrix3
2024-10-20 18:59:36,007 - INFO - AdamOptimizer: Starting optimization process
2024-10-20 18:59:36,008 - INFO - AdamOptimizer: Optimization finished
2024-10-20 18:59:36,008 - INFO - Optimization complete for Adam - matrix3
2024-10-20 18:59:36,008 - INFO - Training optimizer called for Genetic - matrix3
2024-10-20 18:59:36,008 - INFO - GeneticOptimizer: Starting optimization process
2024-10-20 18:59:36,009 - INFO - GeneticOptimizer: Optimization finished
2024-10-20 18:59:36,009 - INFO - Optimization complete for Genetic - matrix3
2024-10-20 18:59:36,009 - INFO - Training optimizer called for PSO - matrix3
2024-10-20 18:59:36,010 - INFO - PSOOptimizer: Starting optimization process
2024-10-20 18:59:36,010 - INFO - PSOOptimizer: Optimization finished
2024-10-20 18:59:36,010 - INFO - Optimization complete for PSO - matrix3
2024-10-20 18:59:36,010 - INFO - Training optimizer called for Momentum - matrix4
2024-10-20 18:59:36,010 - INFO - MomentumOptimizer: Starting optimization process
2024-10-20 18:59:36,011 - INFO - MomentumOptimizer: Optimization finished
2024-10-20 18:59:36,011 - INFO - Optimization complete for Momentum - matrix4
2024-10-20 18:59:36,011 - INFO - Training optimizer called for Adam - matrix4
2024-10-20 18:59:36,011 - INFO - AdamOptimizer: Starting optimization process
2024-10-20 18:59:36,012 - INFO - AdamOptimizer: Optimization finished
2024-10-20 18:59:36,012 - INFO - Optimization complete for Adam - matrix4
2024-10-20 18:59:36,012 - INFO - Training optimizer called for Genetic - matrix4
2024-10-20 18:59:36,012 - INFO - GeneticOptimizer: Starting optimization process
2024-10-20 18:59:36,013 - INFO - GeneticOptimizer: Optimization finished
2024-10-20 18:59:36,013 - INFO - Optimization complete for Genetic - matrix4
2024-10-20 18:59:36,013 - INFO - Training optimizer called for PSO - matrix4
2024-10-20 18:59:36,013 - INFO - PSOOptimizer: Starting optimization process
2024-10-20 18:59:36,014 - INFO - PSOOptimizer: Optimization finished
2024-10-20 18:59:36,014 - INFO - Optimization complete for PSO - matrix4
2024-10-20 18:59:36,014 - INFO - Training optimizer called for Basic - matrix5
2024-10-20 18:59:36,014 - INFO - BasicOptimizer: Starting optimization process
2024-10-20 18:59:36,015 - INFO - BasicOptimizer: Optimization finished
2024-10-20 18:59:36,015 - INFO - Optimization complete for Basic - matrix5
2024-10-20 18:59:36,015 - INFO - Training optimizer called for Momentum - matrix5
2024-10-20 18:59:36,015 - INFO - MomentumOptimizer: Starting optimization process
2024-10-20 18:59:36,015 - INFO - MomentumOptimizer: Optimization finished
2024-10-20 18:59:36,016 - INFO - Optimization complete for Momentum - matrix5
2024-10-20 18:59:36,016 - INFO - Training optimizer called for Adam - matrix5
2024-10-20 18:59:36,016 - INFO - AdamOptimizer: Starting optimization process
2024-10-20 18:59:36,009 - INFO - Training optimizer called for Basic - matrix4
2024-10-20 18:59:36,016 - INFO - BasicOptimizer: Starting optimization process
2024-10-20 18:59:36,017 - INFO - BasicOptimizer: Optimization finished
2024-10-20 18:59:36,017 - INFO - Optimization complete for Basic - matrix4
2024-10-20 18:59:36,017 - INFO - Training optimizer called for Genetic - matrix5
2024-10-20 18:59:36,017 - INFO - GeneticOptimizer: Starting optimization process
2024-10-20 18:59:36,018 - INFO - GeneticOptimizer: Optimization finished
2024-10-20 18:59:36,018 - INFO - Optimization complete for Genetic - matrix5
2024-10-20 18:59:36,018 - INFO - AdamOptimizer: Optimization finished
2024-10-20 18:59:36,018 - INFO - Optimization complete for Adam - matrix5
2024-10-20 18:59:36,018 - INFO - Training optimizer called for Basic - matrix6
2024-10-20 18:59:36,018 - INFO - BasicOptimizer: Starting optimization process
2024-10-20 18:59:36,019 - INFO - BasicOptimizer: Optimization finished
2024-10-20 18:59:36,019 - INFO - Optimization complete for Basic - matrix6
2024-10-20 18:59:36,019 - INFO - Training optimizer called for Momentum - matrix6
2024-10-20 18:59:36,019 - INFO - MomentumOptimizer: Starting optimization process
2024-10-20 18:59:36,020 - INFO - MomentumOptimizer: Optimization finished
2024-10-20 18:59:36,020 - INFO - Optimization complete for Momentum - matrix6
2024-10-20 18:59:36,020 - INFO - Training optimizer called for Adam - matrix6
2024-10-20 18:59:36,020 - INFO - AdamOptimizer: Starting optimization process
2024-10-20 18:59:36,021 - INFO - AdamOptimizer: Optimization finished
2024-10-20 18:59:36,021 - INFO - Optimization complete for Adam - matrix6
2024-10-20 18:59:36,021 - INFO - Training optimizer called for Genetic - matrix6
2024-10-20 18:59:36,021 - INFO - GeneticOptimizer: Starting optimization process
2024-10-20 18:59:36,022 - INFO - GeneticOptimizer: Optimization finished
2024-10-20 18:59:36,022 - INFO - Optimization complete for Genetic - matrix6
2024-10-20 18:59:36,022 - INFO - Training optimizer called for PSO - matrix6
2024-10-20 18:59:36,022 - INFO - PSOOptimizer: Starting optimization process
2024-10-20 18:59:36,023 - INFO - PSOOptimizer: Optimization finished
2024-10-20 18:59:36,023 - INFO - Optimization complete for PSO - matrix6
2024-10-20 18:59:36,018 - INFO - Training optimizer called for PSO - matrix5
2024-10-20 18:59:36,023 - INFO - PSOOptimizer: Starting optimization process
2024-10-20 18:59:36,023 - INFO - PSOOptimizer: Optimization finished
2024-10-20 18:59:36,023 - INFO - Optimization complete for PSO - matrix5
2024-10-20 18:59:36,037 - INFO - Optimization steps for 'Momentum' and 'matrix1' saved to train.json.
2024-10-20 18:59:36,038 - INFO - Optimization complete for 'matrix1' with optimizer 'Basic'. Final loss: 0.11177046432402193
2024-10-20 18:59:36,062 - INFO - Optimization steps for 'Basic' and 'matrix1' saved to train.json.
2024-10-20 18:59:36,062 - INFO - Optimization complete for 'matrix1' with optimizer 'Adam'. Final loss: 0.7141853113725604
2024-10-20 18:59:36,086 - INFO - Optimization steps for 'Adam' and 'matrix1' saved to train.json.
2024-10-20 18:59:36,086 - INFO - Optimization complete for 'matrix1' with optimizer 'Genetic'. Final loss: 0.7141853113725604
2024-10-20 18:59:36,112 - INFO - Optimization steps for 'Genetic' and 'matrix1' saved to train.json.
2024-10-20 18:59:36,112 - INFO - Optimization complete for 'matrix1' with optimizer 'PSO'. Final loss: 0.8117787828477059
2024-10-20 18:59:36,138 - INFO - Optimization steps for 'PSO' and 'matrix1' saved to train.json.
2024-10-20 18:59:36,138 - INFO - Optimization complete for 'matrix2' with optimizer 'Basic'. Final loss: 0.0885736345212561
2024-10-20 18:59:36,165 - INFO - Optimization steps for 'Basic' and 'matrix2' saved to train.json.
2024-10-20 18:59:36,165 - INFO - Optimization complete for 'matrix2' with optimizer 'Momentum'. Final loss: 0.8117787828477059
2024-10-20 18:59:36,193 - INFO - Optimization steps for 'Momentum' and 'matrix2' saved to train.json.
2024-10-20 18:59:36,193 - INFO - Optimization complete for 'matrix2' with optimizer 'Adam'. Final loss: 0.18948653303120688
2024-10-20 18:59:36,221 - INFO - Optimization steps for 'Adam' and 'matrix2' saved to train.json.
2024-10-20 18:59:36,221 - INFO - Optimization complete for 'matrix2' with optimizer 'PSO'. Final loss: 0.4233955680078608
2024-10-20 18:59:36,250 - INFO - Optimization steps for 'PSO' and 'matrix2' saved to train.json.
2024-10-20 18:59:36,250 - INFO - Optimization complete for 'matrix2' with optimizer 'Genetic'. Final loss: 0.0885736345212561
2024-10-20 18:59:36,280 - INFO - Optimization steps for 'Genetic' and 'matrix2' saved to train.json.
2024-10-20 18:59:36,280 - INFO - Optimization complete for 'matrix3' with optimizer 'Momentum'. Final loss: 0.18948653303120688
2024-10-20 18:59:36,311 - INFO - Optimization steps for 'Momentum' and 'matrix3' saved to train.json.
2024-10-20 18:59:36,311 - INFO - Optimization complete for 'matrix3' with optimizer 'Basic'. Final loss: 0.803530605025544
2024-10-20 18:59:36,342 - INFO - Optimization steps for 'Basic' and 'matrix3' saved to train.json.
2024-10-20 18:59:36,342 - INFO - Optimization complete for 'matrix3' with optimizer 'Adam'. Final loss: 0.4233955680078608
2024-10-20 18:59:36,377 - INFO - Optimization steps for 'Adam' and 'matrix3' saved to train.json.
2024-10-20 18:59:36,377 - INFO - Optimization complete for 'matrix3' with optimizer 'Genetic'. Final loss: 0.2684672340886931
2024-10-20 18:59:36,409 - INFO - Optimization steps for 'Genetic' and 'matrix3' saved to train.json.
2024-10-20 18:59:36,409 - INFO - Optimization complete for 'matrix3' with optimizer 'PSO'. Final loss: 0.7265214389058119
2024-10-20 18:59:36,442 - INFO - Optimization steps for 'PSO' and 'matrix3' saved to train.json.
2024-10-20 18:59:36,442 - INFO - Optimization complete for 'matrix4' with optimizer 'Momentum'. Final loss: 0.15427714632040346
2024-10-20 18:59:36,475 - INFO - Optimization steps for 'Momentum' and 'matrix4' saved to train.json.
2024-10-20 18:59:36,476 - INFO - Optimization complete for 'matrix4' with optimizer 'Adam'. Final loss: 0.2837297197839598
2024-10-20 18:59:36,523 - INFO - Optimization steps for 'Adam' and 'matrix4' saved to train.json.
2024-10-20 18:59:36,523 - INFO - Optimization complete for 'matrix4' with optimizer 'Genetic'. Final loss: 0.15630194980326195
2024-10-20 18:59:36,572 - INFO - Optimization steps for 'Genetic' and 'matrix4' saved to train.json.
2024-10-20 18:59:36,572 - INFO - Optimization complete for 'matrix4' with optimizer 'PSO'. Final loss: 0.3373288006438103
2024-10-20 18:59:36,628 - INFO - Optimization steps for 'PSO' and 'matrix4' saved to train.json.
2024-10-20 18:59:36,628 - INFO - Optimization complete for 'matrix5' with optimizer 'Basic'. Final loss: 0.8067278260180597
2024-10-20 18:59:36,692 - INFO - Optimization steps for 'Basic' and 'matrix5' saved to train.json.
2024-10-20 18:59:36,693 - INFO - Optimization complete for 'matrix5' with optimizer 'Momentum'. Final loss: 0.18532790983927072
2024-10-20 18:59:36,772 - INFO - Optimization steps for 'Momentum' and 'matrix5' saved to train.json.
2024-10-20 18:59:36,773 - INFO - Optimization complete for 'matrix4' with optimizer 'Basic'. Final loss: 0.803530605025544
2024-10-20 18:59:36,826 - INFO - Optimization steps for 'Basic' and 'matrix4' saved to train.json.
2024-10-20 18:59:36,826 - INFO - Optimization complete for 'matrix5' with optimizer 'Genetic'. Final loss: 0.2684672340886931
2024-10-20 18:59:36,869 - INFO - Optimization steps for 'Genetic' and 'matrix5' saved to train.json.
2024-10-20 18:59:36,869 - INFO - Optimization complete for 'matrix5' with optimizer 'Adam'. Final loss: 0.8902680761901816
2024-10-20 18:59:36,912 - INFO - Optimization steps for 'Adam' and 'matrix5' saved to train.json.
2024-10-20 18:59:36,913 - INFO - Optimization complete for 'matrix6' with optimizer 'Basic'. Final loss: 0.5577972733007759
2024-10-20 18:59:36,966 - INFO - Optimization steps for 'Basic' and 'matrix6' saved to train.json.
2024-10-20 18:59:36,966 - INFO - Optimization complete for 'matrix6' with optimizer 'Momentum'. Final loss: 0.4450025141372629
2024-10-20 18:59:37,009 - INFO - Optimization steps for 'Momentum' and 'matrix6' saved to train.json.
2024-10-20 18:59:37,009 - INFO - Optimization complete for 'matrix6' with optimizer 'Adam'. Final loss: 0.6745789863885008
2024-10-20 18:59:37,051 - INFO - Optimization steps for 'Adam' and 'matrix6' saved to train.json.
2024-10-20 18:59:37,051 - INFO - Optimization complete for 'matrix6' with optimizer 'Genetic'. Final loss: 0.37782422219679634
2024-10-20 18:59:37,098 - INFO - Optimization steps for 'Genetic' and 'matrix6' saved to train.json.
2024-10-20 18:59:37,098 - INFO - Optimization complete for 'matrix6' with optimizer 'PSO'. Final loss: 0.5925874603057992
2024-10-20 18:59:37,141 - INFO - Optimization steps for 'PSO' and 'matrix6' saved to train.json.
2024-10-20 18:59:37,141 - INFO - Optimization complete for 'matrix5' with optimizer 'PSO'. Final loss: 0.7265214389058119
2024-10-20 18:59:37,196 - INFO - Optimization steps for 'PSO' and 'matrix5' saved to train.json.
2024-10-20 18:59:37,204 - INFO - Training finished at 2024-10-20 18:59:37. Duration: 1.231986 seconds.
2024-10-20 18:59:37,204 - INFO - ++++++++++++++++++++++++++++++ Thread Analysis +++++++++++++
2024-10-20 18:59:37,204 - INFO - Number of processes used: 2
2024-10-20 18:59:37,204 - INFO - Total computation time: 1.231986 seconds.
2024-10-20 18:59:37,204 - INFO - ++++++++++++++++++++++++++++++ Thread Analysis +++++++++++++
2024-10-20 18:59:37,204 - INFO - All optimizers successfully trained.
2024-10-20 18:59:37,205 - INFO - Saving optimized training matrix to train.json.
2024-10-20 18:59:37,262 - INFO - Optimized training matrix saved to train.json.
2024-10-20 18:59:37,262 - INFO - Saving final circuit image as 'starter_after.png'.
2024-10-20 18:59:39,921 - INFO - Starter circuit image saved at 'var/data/starter_after.png'.
2024-10-20 18:59:39,921 - INFO - All optimizers have been trained successfully.
