2024-10-21 07:08:27,822 - INFO - train.json does not exist.
2024-10-21 07:08:27,822 - INFO - Console initialized with data and train file statuses.
2024-10-21 07:16:45,638 - INFO - Loaded content from var/data.json
2024-10-21 07:16:45,638 - INFO - Train file exists: False, Data file exists: True
2024-10-21 07:16:45,639 - INFO - Optimizers loaded: ['AdamOptimizer', 'SGDOptimizer', 'RMSPropOptimizer', 'AdaGradOptimizer', 'MomentumOptimizer', 'NadamOptimizer']
2024-10-21 07:16:45,639 - WARNING - Train file does not exist, no missing optimizers to load.
2024-10-21 07:16:45,639 - INFO - train.json does not exist.
2024-10-21 07:16:45,639 - INFO - Reader initialized successfully
2024-10-21 07:16:45,639 - INFO - Console initialized with data and train file statuses.
2024-10-21 07:16:45,639 - INFO - Console initialized successfully
2024-10-21 07:16:45,639 - INFO - Starting training for all optimizers
2024-10-21 07:16:45,640 - INFO - Training for all optimizers completed successfully
2024-10-21 07:17:23,440 - INFO - Loaded content from var/data.json
2024-10-21 07:17:23,440 - INFO - Train file exists: False, Data file exists: True
2024-10-21 07:17:23,441 - INFO - Optimizers loaded: ['AdamOptimizer', 'SGDOptimizer', 'RMSPropOptimizer', 'AdaGradOptimizer', 'MomentumOptimizer', 'NadamOptimizer']
2024-10-21 07:17:23,441 - WARNING - Train file does not exist, no missing optimizers to load.
2024-10-21 07:17:23,441 - INFO - train.json does not exist.
2024-10-21 07:17:23,441 - INFO - Reader initialized successfully
2024-10-21 07:17:23,441 - INFO - Console initialized with data and train file statuses.
2024-10-21 07:17:23,441 - INFO - Console initialized successfully
2024-10-21 07:17:23,441 - INFO - Starting file checks with Start class.
2024-10-21 07:17:23,442 - INFO - train.json does not exist.
2024-10-21 07:17:23,442 - INFO - File exists: var/data.json
2024-10-21 07:17:23,442 - ERROR - Error: var/train.json not found.
2024-10-21 07:17:23,442 - INFO - File exists: var/log.log
2024-10-21 07:17:23,442 - WARNING - Some required files are missing.
2024-10-21 07:17:23,442 - INFO - Starting training for all optimizers
2024-10-21 07:17:23,442 - INFO - Training for all optimizers completed successfully
2024-10-21 07:17:34,575 - INFO - Loaded content from var/data.json
2024-10-21 07:17:34,575 - INFO - Train file exists: False, Data file exists: True
2024-10-21 07:17:34,575 - INFO - Optimizers loaded: ['AdamOptimizer', 'SGDOptimizer', 'RMSPropOptimizer', 'AdaGradOptimizer', 'MomentumOptimizer', 'NadamOptimizer']
2024-10-21 07:17:34,575 - WARNING - Train file does not exist, no missing optimizers to load.
2024-10-21 07:17:34,576 - INFO - train.json does not exist.
2024-10-21 07:17:34,576 - INFO - Reader initialized successfully
2024-10-21 07:17:34,576 - INFO - Console initialized with data and train file statuses.
2024-10-21 07:17:34,576 - INFO - Console initialized successfully
2024-10-21 07:17:34,576 - INFO - Starting file checks with Start class.
2024-10-21 07:17:34,576 - INFO - train.json does not exist.
2024-10-21 07:17:34,576 - INFO - File exists: var/data.json
2024-10-21 07:17:34,576 - ERROR - Error: var/train.json not found.
2024-10-21 07:17:34,576 - INFO - File exists: var/log.log
2024-10-21 07:17:34,577 - WARNING - Some required files are missing.
2024-10-21 08:34:09,979 - INFO - Loaded content from var/data.json
2024-10-21 08:34:09,979 - INFO - Train file exists: False, Data file exists: True
2024-10-21 08:34:09,980 - INFO - Optimizers loaded: ['AdamOptimizer', 'SGDOptimizer', 'RMSPropOptimizer', 'AdaGradOptimizer', 'MomentumOptimizer', 'NadamOptimizer']
2024-10-21 08:34:09,980 - WARNING - Train file does not exist, no missing optimizers to load.
2024-10-21 08:34:09,983 - INFO - train.json does not exist.
2024-10-21 08:34:09,983 - INFO - Reader initialized successfully
2024-10-21 08:34:09,984 - INFO - Console initialized with data and train file statuses.
2024-10-21 08:34:09,984 - INFO - Console initialized successfully
2024-10-21 08:34:09,984 - INFO - Starting file checks with Start class.
2024-10-21 08:34:09,984 - INFO - train.json does not exist.
2024-10-21 08:34:09,985 - INFO - File exists: var/data.json
2024-10-21 08:34:09,985 - ERROR - Error: var/train.json not found.
2024-10-21 08:34:09,985 - INFO - File exists: var/log.log
2024-10-21 08:34:09,985 - WARNING - Some required files are missing.
2024-10-21 08:34:09,985 - ERROR - Error during Start process: 'Reader' object has no attribute 'get_train_content'
2024-10-21 08:37:11,290 - INFO - Loaded content from var/data.json
2024-10-21 08:37:11,290 - INFO - Train file exists: False, Data file exists: True
2024-10-21 08:37:11,291 - INFO - Optimizers loaded: ['AdamOptimizer', 'SGDOptimizer', 'RMSPropOptimizer', 'AdaGradOptimizer', 'MomentumOptimizer', 'NadamOptimizer']
2024-10-21 08:37:11,291 - WARNING - Train file does not exist, proceeding without missing optimizers.
2024-10-21 08:37:11,291 - INFO - train.json does not exist.
2024-10-21 08:37:11,291 - INFO - Reader initialized successfully
2024-10-21 08:37:11,292 - INFO - Console initialized with data and train file statuses.
2024-10-21 08:37:11,292 - INFO - Console initialized successfully
2024-10-21 08:37:11,292 - INFO - Starting file checks with Start class.
2024-10-21 08:37:11,292 - INFO - train.json does not exist.
2024-10-21 08:37:11,292 - INFO - File exists: var/data.json
2024-10-21 08:37:11,292 - ERROR - Error: var/train.json not found.
2024-10-21 08:37:11,292 - INFO - File exists: var/log.log
2024-10-21 08:37:11,292 - WARNING - Some required files are missing.
2024-10-21 08:37:11,292 - ERROR - Error during Start process: 'Reader' object has no attribute 'get_train_content'
2024-10-21 08:39:00,296 - INFO - Loaded content from var/data.json
2024-10-21 08:39:00,296 - INFO - Train file exists: False, Data file exists: True
2024-10-21 08:39:00,296 - INFO - Optimizers loaded: ['AdamOptimizer', 'SGDOptimizer', 'RMSPropOptimizer', 'AdaGradOptimizer', 'MomentumOptimizer', 'NadamOptimizer']
2024-10-21 08:39:00,296 - WARNING - Train file does not exist, proceeding without missing optimizers.
2024-10-21 08:39:00,297 - INFO - train.json does not exist.
2024-10-21 08:39:00,297 - INFO - Reader initialized successfully
2024-10-21 08:39:00,297 - INFO - Console initialized with data and train file statuses.
2024-10-21 08:39:00,297 - INFO - Console initialized successfully
2024-10-21 08:39:00,297 - INFO - Starting file checks with Start class.
2024-10-21 08:39:00,297 - INFO - train.json does not exist.
2024-10-21 08:39:00,298 - WARNING - Warning: var/train.json not found. Proceeding without it.
2024-10-21 08:39:00,298 - INFO - File exists: var/data.json
2024-10-21 08:39:00,298 - ERROR - Error during Start process: 'Reader' object has no attribute 'get_data_content'
2024-10-21 09:00:08,872 - INFO - Loaded content from var/data.json
2024-10-21 09:00:08,873 - INFO - Train file exists: False, Data file exists: True
2024-10-21 09:00:08,873 - INFO - Optimizers loaded: ['AdamOptimizer', 'SGDOptimizer', 'RMSPropOptimizer', 'AdaGradOptimizer', 'MomentumOptimizer', 'NadamOptimizer']
2024-10-21 09:00:08,873 - WARNING - Train file does not exist, proceeding without missing optimizers.
2024-10-21 09:04:12,691 - INFO - Loaded content from var/data.json
2024-10-21 09:04:12,691 - INFO - Train file exists: False, Data file exists: True
2024-10-21 09:04:12,691 - INFO - Optimizers loaded: ['AdamOptimizer', 'SGDOptimizer', 'RMSPropOptimizer', 'AdaGradOptimizer', 'MomentumOptimizer', 'NadamOptimizer']
2024-10-21 09:04:12,692 - WARNING - Train file does not exist, proceeding without missing optimizers.
2024-10-21 09:04:12,693 - INFO - train.json does not exist.
2024-10-21 09:04:12,693 - INFO - Reader initialized successfully
2024-10-21 09:04:12,693 - INFO - Console initialized with data and train file statuses.
2024-10-21 09:04:12,693 - INFO - Console initialized successfully
2024-10-21 09:04:12,693 - INFO - Starting file checks with Start class.
2024-10-21 09:04:12,694 - INFO - train.json does not exist.
2024-10-21 09:04:12,694 - ERROR - Error during Start process: 'Start' object has no attribute 'run'
2024-10-21 09:04:40,416 - INFO - Loaded content from var/data.json
2024-10-21 09:04:40,416 - INFO - Train file exists: False, Data file exists: True
2024-10-21 09:04:40,416 - INFO - Optimizers loaded: ['AdamOptimizer', 'SGDOptimizer', 'RMSPropOptimizer', 'AdaGradOptimizer', 'MomentumOptimizer', 'NadamOptimizer']
2024-10-21 09:04:40,417 - WARNING - Train file does not exist, proceeding without missing optimizers.
2024-10-21 09:04:40,417 - INFO - train.json does not exist.
2024-10-21 09:04:40,417 - INFO - Reader initialized successfully
2024-10-21 09:04:40,417 - INFO - Console initialized with data and train file statuses.
2024-10-21 09:04:40,418 - INFO - Console initialized successfully
2024-10-21 09:04:40,418 - INFO - Starting file checks with Start class.
2024-10-21 09:04:40,418 - INFO - train.json does not exist.
2024-10-21 09:04:40,418 - ERROR - Error during Start process: 'Start' object has no attribute 'run'
2024-10-21 09:06:07,938 - INFO - Loaded content from var/data.json
2024-10-21 09:06:07,939 - INFO - Train file exists: False, Data file exists: True
2024-10-21 09:06:07,939 - INFO - Optimizers loaded: ['AdamOptimizer', 'SGDOptimizer', 'RMSPropOptimizer', 'AdaGradOptimizer', 'MomentumOptimizer', 'NadamOptimizer']
2024-10-21 09:06:07,940 - WARNING - Train file does not exist, proceeding without missing optimizers.
2024-10-21 09:06:07,941 - INFO - train.json does not exist.
2024-10-21 09:06:07,941 - INFO - Reader initialized successfully
2024-10-21 09:06:07,941 - INFO - Console initialized with data and train file statuses.
2024-10-21 09:06:07,941 - INFO - Console initialized successfully
2024-10-21 09:06:07,941 - INFO - Starting file checks with Start class.
2024-10-21 09:06:07,942 - INFO - train.json does not exist.
2024-10-21 09:06:07,943 - ERROR - Error during Start process: 'Start' object has no attribute 'run'
2024-10-21 09:16:13,923 - INFO - Loaded content from var/data.json
2024-10-21 09:16:13,923 - INFO - Train file exists: False, Data file exists: True
2024-10-21 09:16:13,923 - INFO - Optimizers loaded: ['AdamOptimizer', 'SGDOptimizer', 'RMSPropOptimizer', 'AdaGradOptimizer', 'MomentumOptimizer', 'NadamOptimizer']
2024-10-21 09:16:13,923 - WARNING - Train file does not exist, proceeding without missing optimizers.
2024-10-21 09:16:13,924 - INFO - train.json does not exist.
2024-10-21 09:16:13,924 - INFO - Reader initialized successfully
2024-10-21 09:16:13,924 - INFO - Console initialized with data and train file statuses.
2024-10-21 09:16:13,924 - INFO - Console initialized successfully
2024-10-21 09:16:13,924 - INFO - Starting file checks with Start class.
2024-10-21 09:16:13,925 - INFO - train.json does not exist.
2024-10-21 09:16:13,925 - ERROR - Error during Start process: 'Start' object has no attribute 'run'
2024-10-23 18:06:47,405 - INFO - Loaded content from var/data.json
2024-10-23 18:06:47,406 - INFO - Train file exists: False, Data file exists: True
2024-10-23 18:06:47,406 - INFO - Optimizers loaded: ['AdamOptimizer', 'SGDOptimizer', 'RMSPropOptimizer', 'AdaGradOptimizer', 'MomentumOptimizer', 'NadamOptimizer']
2024-10-23 18:06:47,406 - WARNING - Train file does not exist, proceeding without missing optimizers.
2024-10-23 18:06:47,407 - INFO - train.json does not exist.
2024-10-23 18:06:47,408 - INFO - Reader initialized successfully
2024-10-23 18:06:47,408 - INFO - Console initialized with data and train file statuses.
2024-10-23 18:06:47,408 - INFO - Console initialized successfully
2024-10-23 18:06:47,408 - INFO - Starting file checks with Start class.
2024-10-23 18:06:47,409 - INFO - train.json does not exist.
2024-10-23 18:06:47,409 - ERROR - Error during Start process: 'Start' object has no attribute 'run'
2024-10-23 19:24:49,511 - INFO - DML initialized with Start instance.
2024-10-23 19:24:49,512 - INFO - DML start method initiated.
2024-10-23 19:24:49,512 - INFO - Initiating file check...
2024-10-23 19:24:49,512 - INFO - {'Success Code': 2002, 'Message': "All files are present. 'train.json' is missing."}
2024-10-23 19:24:49,512 - ERROR - {'Error Code': 100105, 'Message': 'Unexpected error during file check.'}
2024-10-23 19:29:45,577 - INFO - DML initialized with Start instance.
2024-10-23 19:29:45,577 - INFO - DML start method initiated.
2024-10-23 19:29:45,577 - INFO - Initiating file check...
2024-10-23 19:29:45,577 - INFO - {'Success Code': 2002, 'Message': "All files are present. 'train.json' is missing."}
2024-10-23 19:29:45,577 - ERROR - {'Error Code': 100105, 'Message': 'Unexpected error during file check.'}
2024-10-23 19:29:47,831 - INFO - Checking for an existing log file...
2024-10-23 19:29:47,831 - INFO - {'Success Code': 2005, 'Message': "New log file '2024-10-23.log' created successfully."}
2024-10-23 19:29:47,832 - INFO - {'Success Code': 2006, 'Message': "Config updated with new log file '2024-10-23.log'."}
2024-10-23 19:29:47,832 - INFO - Log file is valid and up-to-date.
2024-10-23 19:29:47,832 - INFO - Verifying data consistency for 'data.json'...
2024-10-23 19:29:47,839 - INFO - {'Success Code': 2007, 'Message': "'data.json' is consistent and valid."}
2024-10-23 19:29:47,839 - INFO - {'Success Code': 200103, 'Message': "'data.json' is consistent. Proceeding with execution."}
2024-10-23 19:29:47,839 - INFO - train.json does not exist.
2024-10-23 19:29:47,839 - INFO - {'Success Code': 2007, 'Message': "'data.json' is consistent and valid."}
2024-10-23 19:29:47,839 - ERROR - Error reading data.json: 'Reader' object has no attribute 'data_path'
2024-10-23 19:29:47,840 - ERROR - Error retrieving optimizers: 'Reader' object has no attribute 'data_path'
2024-10-23 19:29:47,840 - ERROR - Error determining missing optimizers: 'Reader' object has no attribute 'data_path'
2024-10-23 19:29:47,840 - INFO - Console initialized with data and train file statuses.
2024-10-23 19:29:47,840 - INFO - Console instance created.
2024-10-23 19:29:48,235 - INFO - Displayed LILY-QML banner.
2024-10-23 19:29:48,235 - WARNING - train.json file not found.
2024-10-23 19:29:52,838 - INFO - User selected training menu.
2024-10-23 19:29:53,897 - INFO - User selected to train all optimizers.
2024-10-23 19:29:53,897 - INFO - Handling training of all optimizers.
2024-10-23 19:29:55,899 - INFO - All optimizers have been trained successfully.
2024-10-23 19:29:57,320 - INFO - Displayed LILY-QML banner.
2024-10-23 19:29:57,320 - WARNING - train.json file not found.
2024-10-23 19:29:57,871 - WARNING - Invalid input in main menu.
2024-10-23 20:19:22,106 - INFO - DML initialized with Start instance.
2024-10-23 20:19:22,108 - INFO - DML start method initiated.
2024-10-23 20:19:22,108 - INFO - Initiating file check...
2024-10-23 20:19:22,108 - INFO - {'Success Code': 2002, 'Message': "All files are present. 'train.json' is missing."}
2024-10-23 20:19:22,108 - ERROR - {'Error Code': 100105, 'Message': 'Unexpected error during file check.'}
2024-10-23 20:19:26,215 - INFO - Checking for an existing log file...
2024-10-23 20:19:26,216 - INFO - {'Success Code': 2005, 'Message': "New log file '2024-10-23.log' created successfully."}
2024-10-23 20:19:26,216 - INFO - {'Success Code': 2006, 'Message': "Config updated with new log file '2024-10-23.log'."}
2024-10-23 20:19:26,216 - INFO - Log file is valid and up-to-date.
2024-10-23 20:19:26,216 - INFO - Verifying data consistency for 'data.json'...
2024-10-23 20:19:26,225 - INFO - {'Success Code': 2007, 'Message': "'data.json' is consistent and valid."}
2024-10-23 20:19:26,225 - INFO - {'Success Code': 200103, 'Message': "'data.json' is consistent. Proceeding with execution."}
2024-10-23 20:19:26,225 - INFO - train.json does not exist.
2024-10-23 20:19:26,226 - INFO - {'Success Code': 2007, 'Message': "'data.json' is consistent and valid."}
2024-10-23 20:19:26,226 - ERROR - Error reading data.json: 'Reader' object has no attribute 'data_path'
2024-10-23 20:19:26,226 - ERROR - Error retrieving optimizers: 'Reader' object has no attribute 'data_path'
2024-10-23 20:19:26,226 - ERROR - Error determining missing optimizers: 'Reader' object has no attribute 'data_path'
2024-10-23 20:19:26,226 - INFO - Console initialized with data and train file statuses.
2024-10-23 20:19:26,226 - INFO - Console instance created.
2024-10-23 20:19:26,633 - INFO - Displayed LILY-QML banner.
2024-10-23 20:19:26,633 - WARNING - train.json file not found.
2024-10-23 20:19:36,461 - INFO - User selected training menu.
2024-10-23 20:19:37,779 - INFO - User selected to train all optimizers.
2024-10-23 20:19:37,780 - INFO - Handling training of all optimizers.
2024-10-23 20:19:39,782 - INFO - All optimizers have been trained successfully.
2024-10-23 20:19:39,784 - INFO - Displayed LILY-QML banner.
2024-10-23 20:19:39,784 - WARNING - train.json file not found.
